[INFO ] 2023-01-05 18:02:15.922 [main] Log - chrome browser selected
[INFO ] 2023-01-05 18:02:16.169 [main] Log - Opened chrome browser
[INFO ] 2023-01-05 18:02:16.180 [main] Log - Window is maximized
[INFO ] 2023-01-05 18:02:19.152 [main] Log - Opened URL is  https://id.merchantos.com/login?&product=retail
[INFO ] 2023-01-05 18:03:16.283 [main] Log - chrome browser selected
[INFO ] 2023-01-05 18:03:16.528 [main] Log - Opened chrome browser
[INFO ] 2023-01-05 18:03:16.542 [main] Log - Window is maximized
[INFO ] 2023-01-05 18:03:23.363 [main] Log - Opened URL is  https://pulse-stage.projectai.com/login
[INFO ] 2023-01-05 18:03:23.465 [main] Log - Text in the element is [[ChromeDriver: chrome on WINDOWS (5845173b286d46afe58b5268cbd92ce7)] -> xpath: //input[@name='username']]is cleared
[INFO ] 2023-01-05 18:03:23.512 [main] Log - Cliked on textbox [[ChromeDriver: chrome on WINDOWS (5845173b286d46afe58b5268cbd92ce7)] -> xpath: //input[@name='username']]
[INFO ] 2023-01-05 18:03:23.600 [main] Log - Entered text on [[ChromeDriver: chrome on WINDOWS (5845173b286d46afe58b5268cbd92ce7)] -> xpath: //input[@name='username']] text
[INFO ] 2023-01-05 18:03:23.642 [main] Log - Text in the element is [[ChromeDriver: chrome on WINDOWS (5845173b286d46afe58b5268cbd92ce7)] -> xpath: //input[@name='password']]is cleared
[INFO ] 2023-01-05 18:03:23.698 [main] Log - Cliked on textbox [[ChromeDriver: chrome on WINDOWS (5845173b286d46afe58b5268cbd92ce7)] -> xpath: //input[@name='password']]
[INFO ] 2023-01-05 18:03:23.749 [main] Log - Entered text on [[ChromeDriver: chrome on WINDOWS (5845173b286d46afe58b5268cbd92ce7)] -> xpath: //input[@name='password']] text
[INFO ] 2023-01-05 18:03:23.804 [main] Log - wait for until element [[ChromeDriver: chrome on WINDOWS (5845173b286d46afe58b5268cbd92ce7)] -> xpath: //button[normalize-space()='Sign In']]is visible
[INFO ] 2023-01-05 18:03:23.863 [main] Log - Clicked on element [[ChromeDriver: chrome on WINDOWS (5845173b286d46afe58b5268cbd92ce7)] -> xpath: //button[normalize-space()='Sign In']]
[INFO ] 2023-01-05 18:03:28.926 [main] Log - wait for until element [[ChromeDriver: chrome on WINDOWS (5845173b286d46afe58b5268cbd92ce7)] -> xpath: //span[@class='_3JU2f9K7FBTWn0MXSKilJa']]is visible
[INFO ] 2023-01-05 18:03:28.977 [main] Log - Clicked on element [[ChromeDriver: chrome on WINDOWS (5845173b286d46afe58b5268cbd92ce7)] -> xpath: //span[@class='_3JU2f9K7FBTWn0MXSKilJa']]
[INFO ] 2023-01-05 18:03:32.022 [main] Log - wait for until element [[ChromeDriver: chrome on WINDOWS (5845173b286d46afe58b5268cbd92ce7)] -> xpath: //a[normalize-space()='Log Out']]is visible
[INFO ] 2023-01-05 18:03:33.604 [main] Log - Clicked on element Proxy element for: DefaultElementLocator 'By.xpath: //a[normalize-space()='Log Out']'
