[INFO ] 2023-01-16 11:06:39.312 [main] Log - chrome browser selected
[INFO ] 2023-01-16 11:06:39.585 [main] Log - Opened chrome browser
[INFO ] 2023-01-16 11:06:39.607 [main] Log - Window is maximized
[INFO ] 2023-01-16 11:06:49.242 [main] Log - Opened URL is  https://pulse-stage.projectai.com/login
[INFO ] 2023-01-16 11:06:49.293 [main] Log - LoginPage test is starting.
[INFO ] 2023-01-16 11:06:49.418 [main] Log - Text in the element is [[ChromeDriver: chrome on WINDOWS (919918b72fb1341f65a594e9a7f66aa1)] -> xpath: //input[@name='username']]is cleared
[INFO ] 2023-01-16 11:06:49.489 [main] Log - Cliked on textbox [[ChromeDriver: chrome on WINDOWS (919918b72fb1341f65a594e9a7f66aa1)] -> xpath: //input[@name='username']]
[INFO ] 2023-01-16 11:06:49.598 [main] Log - Entered text on [[ChromeDriver: chrome on WINDOWS (919918b72fb1341f65a594e9a7f66aa1)] -> xpath: //input[@name='username']] text
[INFO ] 2023-01-16 11:06:49.644 [main] Log - Text in the element is [[ChromeDriver: chrome on WINDOWS (919918b72fb1341f65a594e9a7f66aa1)] -> xpath: //input[@name='password']]is cleared
[INFO ] 2023-01-16 11:06:49.691 [main] Log - Cliked on textbox [[ChromeDriver: chrome on WINDOWS (919918b72fb1341f65a594e9a7f66aa1)] -> xpath: //input[@name='password']]
[INFO ] 2023-01-16 11:06:49.749 [main] Log - Entered text on [[ChromeDriver: chrome on WINDOWS (919918b72fb1341f65a594e9a7f66aa1)] -> xpath: //input[@name='password']] text
[INFO ] 2023-01-16 11:06:49.794 [main] Log - wait for until element [[ChromeDriver: chrome on WINDOWS (919918b72fb1341f65a594e9a7f66aa1)] -> xpath: //button[normalize-space()='Sign In']]is visible
[INFO ] 2023-01-16 11:06:50.075 [main] Log - Clicked on element [[ChromeDriver: chrome on WINDOWS (919918b72fb1341f65a594e9a7f66aa1)] -> xpath: //button[normalize-space()='Sign In']]
[INFO ] 2023-01-16 11:06:55.092 [main] Log - LoginPage Test is passed
[INFO ] 2023-01-16 11:06:55.093 [main] Log - LoginPage com.blazeclan.qa.test.testng.LoginTest  null b1b2fd77-0b46-4734-9ccd-c1789efa1e83  []
[INFO ] 2023-01-16 11:06:55.295 [main] Log - Logout test is starting.
[INFO ] 2023-01-16 11:06:55.342 [main] Log - wait for until element [[ChromeDriver: chrome on WINDOWS (919918b72fb1341f65a594e9a7f66aa1)] -> xpath: //span[@class='_3JU2f9K7FBTWn0MXSKilJa']]is visible
[INFO ] 2023-01-16 11:06:55.396 [main] Log - Clicked on element [[ChromeDriver: chrome on WINDOWS (919918b72fb1341f65a594e9a7f66aa1)] -> xpath: //span[@class='_3JU2f9K7FBTWn0MXSKilJa']]
[INFO ] 2023-01-16 11:06:58.434 [main] Log - wait for until element [[ChromeDriver: chrome on WINDOWS (919918b72fb1341f65a594e9a7f66aa1)] -> xpath: //a[normalize-space()='Log Out']]is visible
[INFO ] 2023-01-16 11:07:01.991 [main] Log - Clicked on element Proxy element for: DefaultElementLocator 'By.xpath: //a[normalize-space()='Log Out']'
[INFO ] 2023-01-16 11:07:01.992 [main] Log - Logout Test is passed
[INFO ] 2023-01-16 11:07:01.992 [main] Log - Logout com.blazeclan.qa.test.testng.LogoutTest  null dafc09cd-0ae3-40f3-a282-62b861a99e86  []
[INFO ] 2023-01-16 11:07:02.201 [main] Log - I am in onFinish method testng
[INFO ] 2023-01-16 13:40:09.691 [main] Log - chrome browser selected
[INFO ] 2023-01-16 13:40:10.071 [main] Log - Opened chrome browser
[INFO ] 2023-01-16 13:40:10.094 [main] Log - Window is maximized
[INFO ] 2023-01-16 13:40:17.821 [main] Log - Opened URL is  https://pulse-stage.projectai.com/login
[INFO ] 2023-01-16 13:40:17.854 [main] Log - LoginPage test is starting.
[INFO ] 2023-01-16 13:40:17.963 [main] Log - Text in the element is [[ChromeDriver: chrome on WINDOWS (ad0bf5c6c7515e662b12b44f10eddbd2)] -> xpath: //input[@name='username']]is cleared
[INFO ] 2023-01-16 13:40:18.031 [main] Log - Cliked on textbox [[ChromeDriver: chrome on WINDOWS (ad0bf5c6c7515e662b12b44f10eddbd2)] -> xpath: //input[@name='username']]
[INFO ] 2023-01-16 13:40:18.142 [main] Log - Entered text on [[ChromeDriver: chrome on WINDOWS (ad0bf5c6c7515e662b12b44f10eddbd2)] -> xpath: //input[@name='username']] text
[INFO ] 2023-01-16 13:40:18.188 [main] Log - Text in the element is [[ChromeDriver: chrome on WINDOWS (ad0bf5c6c7515e662b12b44f10eddbd2)] -> xpath: //input[@name='password']]is cleared
[INFO ] 2023-01-16 13:40:18.253 [main] Log - Cliked on textbox [[ChromeDriver: chrome on WINDOWS (ad0bf5c6c7515e662b12b44f10eddbd2)] -> xpath: //input[@name='password']]
[INFO ] 2023-01-16 13:40:18.321 [main] Log - Entered text on [[ChromeDriver: chrome on WINDOWS (ad0bf5c6c7515e662b12b44f10eddbd2)] -> xpath: //input[@name='password']] text
[INFO ] 2023-01-16 13:40:18.397 [main] Log - wait for until element [[ChromeDriver: chrome on WINDOWS (ad0bf5c6c7515e662b12b44f10eddbd2)] -> xpath: //button[normalize-space()='Sign In']]is visible
[INFO ] 2023-01-16 13:40:18.479 [main] Log - Clicked on element [[ChromeDriver: chrome on WINDOWS (ad0bf5c6c7515e662b12b44f10eddbd2)] -> xpath: //button[normalize-space()='Sign In']]
[INFO ] 2023-01-16 13:40:23.500 [main] Log - LoginPage Test is passed
[INFO ] 2023-01-16 13:40:23.501 [main] Log - LoginPage com.blazeclan.qa.test.testng.LoginTest  null 97538387-2468-4d97-ba1a-c8020ab4c820  []
[INFO ] 2023-01-16 13:40:23.725 [main] Log - Logout test is starting.
[INFO ] 2023-01-16 13:40:23.778 [main] Log - wait for until element [[ChromeDriver: chrome on WINDOWS (ad0bf5c6c7515e662b12b44f10eddbd2)] -> xpath: //span[@class='_3JU2f9K7FBTWn0MXSKilJa']]is visible
[INFO ] 2023-01-16 13:40:23.848 [main] Log - Clicked on element [[ChromeDriver: chrome on WINDOWS (ad0bf5c6c7515e662b12b44f10eddbd2)] -> xpath: //span[@class='_3JU2f9K7FBTWn0MXSKilJa']]
[INFO ] 2023-01-16 13:40:26.893 [main] Log - wait for until element [[ChromeDriver: chrome on WINDOWS (ad0bf5c6c7515e662b12b44f10eddbd2)] -> xpath: //a[normalize-space()='Log Out']]is visible
[INFO ] 2023-01-16 13:40:29.568 [main] Log - Clicked on element Proxy element for: DefaultElementLocator 'By.xpath: //a[normalize-space()='Log Out']'
[INFO ] 2023-01-16 13:40:29.571 [main] Log - Logout Test is passed
[INFO ] 2023-01-16 13:40:29.572 [main] Log - Logout com.blazeclan.qa.test.testng.LogoutTest  null c7d95cb9-7814-43de-ba82-f913f9f972cb  []
[INFO ] 2023-01-16 13:40:29.813 [main] Log - I am in on Finish method testng
[INFO ] 2023-01-16 13:41:53.525 [main] Log - chrome browser selected
[INFO ] 2023-01-16 13:41:53.810 [main] Log - Opened chrome browser
[INFO ] 2023-01-16 13:41:53.828 [main] Log - Window is maximized
[INFO ] 2023-01-16 13:41:59.198 [main] Log - Opened URL is  https://pulse-stage.projectai.com/login
[INFO ] 2023-01-16 13:41:59.305 [main] Log - Text in the element is [[ChromeDriver: chrome on WINDOWS (55c7680b74faedee5dd4554e4aa69ab7)] -> xpath: //input[@name='username']]is cleared
[INFO ] 2023-01-16 13:41:59.368 [main] Log - Cliked on textbox [[ChromeDriver: chrome on WINDOWS (55c7680b74faedee5dd4554e4aa69ab7)] -> xpath: //input[@name='username']]
[INFO ] 2023-01-16 13:41:59.477 [main] Log - Entered text on [[ChromeDriver: chrome on WINDOWS (55c7680b74faedee5dd4554e4aa69ab7)] -> xpath: //input[@name='username']] text
[INFO ] 2023-01-16 13:41:59.521 [main] Log - Text in the element is [[ChromeDriver: chrome on WINDOWS (55c7680b74faedee5dd4554e4aa69ab7)] -> xpath: //input[@name='password']]is cleared
[INFO ] 2023-01-16 13:41:59.582 [main] Log - Cliked on textbox [[ChromeDriver: chrome on WINDOWS (55c7680b74faedee5dd4554e4aa69ab7)] -> xpath: //input[@name='password']]
[INFO ] 2023-01-16 13:41:59.632 [main] Log - Entered text on [[ChromeDriver: chrome on WINDOWS (55c7680b74faedee5dd4554e4aa69ab7)] -> xpath: //input[@name='password']] text
[INFO ] 2023-01-16 13:41:59.681 [main] Log - wait for until element [[ChromeDriver: chrome on WINDOWS (55c7680b74faedee5dd4554e4aa69ab7)] -> xpath: //button[normalize-space()='Sign In']]is visible
[INFO ] 2023-01-16 13:41:59.749 [main] Log - Clicked on element [[ChromeDriver: chrome on WINDOWS (55c7680b74faedee5dd4554e4aa69ab7)] -> xpath: //button[normalize-space()='Sign In']]
[INFO ] 2023-01-16 13:42:04.816 [main] Log - wait for until element [[ChromeDriver: chrome on WINDOWS (55c7680b74faedee5dd4554e4aa69ab7)] -> xpath: //span[@class='_3JU2f9K7FBTWn0MXSKilJa']]is visible
[INFO ] 2023-01-16 13:42:04.867 [main] Log - Clicked on element [[ChromeDriver: chrome on WINDOWS (55c7680b74faedee5dd4554e4aa69ab7)] -> xpath: //span[@class='_3JU2f9K7FBTWn0MXSKilJa']]
[INFO ] 2023-01-16 13:42:07.913 [main] Log - wait for until element [[ChromeDriver: chrome on WINDOWS (55c7680b74faedee5dd4554e4aa69ab7)] -> xpath: //a[normalize-space()='Log Out']]is visible
[INFO ] 2023-01-16 13:42:10.071 [main] Log - Clicked on element Proxy element for: DefaultElementLocator 'By.xpath: //a[normalize-space()='Log Out']'
[INFO ] 2023-01-16 13:43:43.770 [main] Log - chrome browser selected
[INFO ] 2023-01-16 13:43:44.023 [main] Log - Opened chrome browser
[INFO ] 2023-01-16 13:43:44.039 [main] Log - Window is maximized
[INFO ] 2023-01-16 13:43:47.514 [main] Log - Opened URL is  https://pulse-stage.projectai.com/login
[INFO ] 2023-01-16 13:43:47.608 [main] Log - Text in the element is [[ChromeDriver: chrome on WINDOWS (113485ca77ed5edd1a5470db5d55dd1e)] -> xpath: //input[@name='username']]is cleared
[INFO ] 2023-01-16 13:43:47.666 [main] Log - Cliked on textbox [[ChromeDriver: chrome on WINDOWS (113485ca77ed5edd1a5470db5d55dd1e)] -> xpath: //input[@name='username']]
[INFO ] 2023-01-16 13:43:47.764 [main] Log - Entered text on [[ChromeDriver: chrome on WINDOWS (113485ca77ed5edd1a5470db5d55dd1e)] -> xpath: //input[@name='username']] text
[INFO ] 2023-01-16 13:43:47.809 [main] Log - Text in the element is [[ChromeDriver: chrome on WINDOWS (113485ca77ed5edd1a5470db5d55dd1e)] -> xpath: //input[@name='password']]is cleared
[INFO ] 2023-01-16 13:43:47.864 [main] Log - Cliked on textbox [[ChromeDriver: chrome on WINDOWS (113485ca77ed5edd1a5470db5d55dd1e)] -> xpath: //input[@name='password']]
[INFO ] 2023-01-16 13:43:47.924 [main] Log - Entered text on [[ChromeDriver: chrome on WINDOWS (113485ca77ed5edd1a5470db5d55dd1e)] -> xpath: //input[@name='password']] text
[INFO ] 2023-01-16 13:43:47.987 [main] Log - wait for until element [[ChromeDriver: chrome on WINDOWS (113485ca77ed5edd1a5470db5d55dd1e)] -> xpath: //button[normalize-space()='Sign In']]is visible
[INFO ] 2023-01-16 13:43:48.042 [main] Log - Clicked on element [[ChromeDriver: chrome on WINDOWS (113485ca77ed5edd1a5470db5d55dd1e)] -> xpath: //button[normalize-space()='Sign In']]
[INFO ] 2023-01-16 13:45:33.417 [main] Log - chrome browser selected
[INFO ] 2023-01-16 13:45:33.699 [main] Log - Opened chrome browser
[INFO ] 2023-01-16 13:45:33.714 [main] Log - Window is maximized
[INFO ] 2023-01-16 13:45:38.593 [main] Log - Opened URL is  https://pulse-stage.projectai.com/login
[INFO ] 2023-01-16 13:45:38.620 [main] Log - LoginPage test is starting.
[INFO ] 2023-01-16 13:45:38.702 [main] Log - Text in the element is [[ChromeDriver: chrome on WINDOWS (e5917dd618f3245983eac2f4f6179069)] -> xpath: //input[@name='username']]is cleared
[INFO ] 2023-01-16 13:45:38.752 [main] Log - Cliked on textbox [[ChromeDriver: chrome on WINDOWS (e5917dd618f3245983eac2f4f6179069)] -> xpath: //input[@name='username']]
[INFO ] 2023-01-16 13:45:38.856 [main] Log - Entered text on [[ChromeDriver: chrome on WINDOWS (e5917dd618f3245983eac2f4f6179069)] -> xpath: //input[@name='username']] text
[INFO ] 2023-01-16 13:45:38.901 [main] Log - Text in the element is [[ChromeDriver: chrome on WINDOWS (e5917dd618f3245983eac2f4f6179069)] -> xpath: //input[@name='password']]is cleared
[INFO ] 2023-01-16 13:45:38.941 [main] Log - Cliked on textbox [[ChromeDriver: chrome on WINDOWS (e5917dd618f3245983eac2f4f6179069)] -> xpath: //input[@name='password']]
[INFO ] 2023-01-16 13:45:38.994 [main] Log - Entered text on [[ChromeDriver: chrome on WINDOWS (e5917dd618f3245983eac2f4f6179069)] -> xpath: //input[@name='password']] text
[INFO ] 2023-01-16 13:45:39.051 [main] Log - wait for until element [[ChromeDriver: chrome on WINDOWS (e5917dd618f3245983eac2f4f6179069)] -> xpath: //button[normalize-space()='Sign In']]is visible
[INFO ] 2023-01-16 13:45:39.121 [main] Log - Clicked on element [[ChromeDriver: chrome on WINDOWS (e5917dd618f3245983eac2f4f6179069)] -> xpath: //button[normalize-space()='Sign In']]
[INFO ] 2023-01-16 13:45:44.148 [main] Log - LoginPage Test is passed
[INFO ] 2023-01-16 13:45:44.149 [main] Log - LoginPage com.blazeclan.qa.test.testng.LoginTest  null 0dc61e19-72c6-4cda-a422-57ade6b6595a  []
[INFO ] 2023-01-16 13:45:44.341 [main] Log - Logout test is starting.
[ERROR] 2023-01-16 13:45:55.641 [main] Log - Logout Test is failed
[INFO ] 2023-01-16 13:45:55.897 [main] Log - I am in on Finish method testng
[INFO ] 2023-01-16 14:48:45.589 [main] Log - chrome browser selected
[INFO ] 2023-01-16 14:48:45.794 [main] Log - Opened chrome browser
[INFO ] 2023-01-16 14:48:45.806 [main] Log - Window is maximized
[INFO ] 2023-01-16 14:48:54.446 [main] Log - Opened URL is  https://pulse-stage.projectai.com/login
[INFO ] 2023-01-16 14:48:54.482 [main] Log - LoginPage test is starting.
[INFO ] 2023-01-16 14:48:54.562 [main] Log - Text in the element is [[ChromeDriver: chrome on WINDOWS (3080a6b462f21d14d0231585df1abb29)] -> xpath: //input[@name='username']]is cleared
[INFO ] 2023-01-16 14:48:54.623 [main] Log - Cliked on textbox [[ChromeDriver: chrome on WINDOWS (3080a6b462f21d14d0231585df1abb29)] -> xpath: //input[@name='username']]
[INFO ] 2023-01-16 14:48:54.717 [main] Log - Entered text on [[ChromeDriver: chrome on WINDOWS (3080a6b462f21d14d0231585df1abb29)] -> xpath: //input[@name='username']] text
[INFO ] 2023-01-16 14:48:54.767 [main] Log - Text in the element is [[ChromeDriver: chrome on WINDOWS (3080a6b462f21d14d0231585df1abb29)] -> xpath: //input[@name='password']]is cleared
[INFO ] 2023-01-16 14:48:54.830 [main] Log - Cliked on textbox [[ChromeDriver: chrome on WINDOWS (3080a6b462f21d14d0231585df1abb29)] -> xpath: //input[@name='password']]
[INFO ] 2023-01-16 14:48:54.893 [main] Log - Entered text on [[ChromeDriver: chrome on WINDOWS (3080a6b462f21d14d0231585df1abb29)] -> xpath: //input[@name='password']] text
[INFO ] 2023-01-16 14:48:54.960 [main] Log - wait for until element [[ChromeDriver: chrome on WINDOWS (3080a6b462f21d14d0231585df1abb29)] -> xpath: //button[normalize-space()='Sign In']]is visible
[INFO ] 2023-01-16 14:48:55.028 [main] Log - Clicked on element [[ChromeDriver: chrome on WINDOWS (3080a6b462f21d14d0231585df1abb29)] -> xpath: //button[normalize-space()='Sign In']]
[INFO ] 2023-01-16 14:49:00.051 [main] Log - LoginPage Test is passed
[INFO ] 2023-01-16 14:49:00.052 [main] Log - LoginPage com.blazeclan.qa.test.testng.LoginTest  null 82c60fe5-5a92-4bca-8d4a-b458499f4cb3  []
[INFO ] 2023-01-16 14:49:00.247 [main] Log - Logout test is starting.
[ERROR] 2023-01-16 14:49:11.784 [main] Log - Logout Test is failed
[INFO ] 2023-01-16 14:49:11.979 [main] Log - I am in on Finish method testng
[INFO ] 2023-01-16 16:13:34.262 [main] Log - chrome browser selected
[INFO ] 2023-01-16 16:13:34.607 [main] Log - Opened chrome browser
[INFO ] 2023-01-16 16:13:34.628 [main] Log - Window is maximized
[INFO ] 2023-01-16 16:13:41.834 [main] Log - Opened URL is  https://pulse-stage.projectai.com/login
[INFO ] 2023-01-16 16:13:41.877 [main] Log - LoginPage Test is starting. 
[INFO ] 2023-01-16 16:13:41.967 [main] Log - Text in the element is [[ChromeDriver: chrome on WINDOWS (3a2e41f8697e2a09c525da39ee645236)] -> xpath: //input[@name='username']]is cleared
[INFO ] 2023-01-16 16:13:42.038 [main] Log - Cliked on textbox [[ChromeDriver: chrome on WINDOWS (3a2e41f8697e2a09c525da39ee645236)] -> xpath: //input[@name='username']]
[INFO ] 2023-01-16 16:13:42.152 [main] Log - Entered text on [[ChromeDriver: chrome on WINDOWS (3a2e41f8697e2a09c525da39ee645236)] -> xpath: //input[@name='username']] text
[INFO ] 2023-01-16 16:13:42.205 [main] Log - Text in the element is [[ChromeDriver: chrome on WINDOWS (3a2e41f8697e2a09c525da39ee645236)] -> xpath: //input[@name='password']]is cleared
[INFO ] 2023-01-16 16:13:42.277 [main] Log - Cliked on textbox [[ChromeDriver: chrome on WINDOWS (3a2e41f8697e2a09c525da39ee645236)] -> xpath: //input[@name='password']]
[INFO ] 2023-01-16 16:13:42.364 [main] Log - Entered text on [[ChromeDriver: chrome on WINDOWS (3a2e41f8697e2a09c525da39ee645236)] -> xpath: //input[@name='password']] text
[INFO ] 2023-01-16 16:13:42.413 [main] Log - wait for until element [[ChromeDriver: chrome on WINDOWS (3a2e41f8697e2a09c525da39ee645236)] -> xpath: //button[normalize-space()='Sign In']]is visible
[INFO ] 2023-01-16 16:13:42.465 [main] Log - Clicked on element [[ChromeDriver: chrome on WINDOWS (3a2e41f8697e2a09c525da39ee645236)] -> xpath: //button[normalize-space()='Sign In']]
[INFO ] 2023-01-16 16:13:47.487 [main] Log - LoginPageTest is passed
[INFO ] 2023-01-16 16:13:47.488 [main] Log - LoginPage com.blazeclan.qa.test.testng.LoginTest 75bad6ce-215d-4cba-87bb-94290f9e0ea3 []
[INFO ] 2023-01-16 16:13:47.695 [main] Log - Logout Test is starting. 
[ERROR] 2023-01-16 16:13:59.079 [main] Log - LogoutTest is failed
[INFO ] 2023-01-16 16:13:59.313 [main] Log - I am on finish method testng
[INFO ] 2023-01-16 17:13:22.763 [main] Log - chrome browser selected
[INFO ] 2023-01-16 17:13:23.023 [main] Log - Opened chrome browser
[INFO ] 2023-01-16 17:13:23.039 [main] Log - Window is maximized
[INFO ] 2023-01-16 17:13:30.784 [main] Log - Opened URL is  https://pulse-stage.projectai.com/login
[INFO ] 2023-01-16 17:13:30.843 [main] Log - LoginPage Test is starting. 
[INFO ] 2023-01-16 17:13:31.012 [main] Log - Text in the element is [[ChromeDriver: chrome on WINDOWS (dbf094043140f4fd3740ce6030a5e3ed)] -> xpath: //input[@name='username']]is cleared
[INFO ] 2023-01-16 17:13:31.108 [main] Log - Cliked on textbox [[ChromeDriver: chrome on WINDOWS (dbf094043140f4fd3740ce6030a5e3ed)] -> xpath: //input[@name='username']]
[INFO ] 2023-01-16 17:13:31.253 [main] Log - Entered text on [[ChromeDriver: chrome on WINDOWS (dbf094043140f4fd3740ce6030a5e3ed)] -> xpath: //input[@name='username']] text
[INFO ] 2023-01-16 17:13:31.321 [main] Log - Text in the element is [[ChromeDriver: chrome on WINDOWS (dbf094043140f4fd3740ce6030a5e3ed)] -> xpath: //input[@name='password']]is cleared
[INFO ] 2023-01-16 17:13:31.398 [main] Log - Cliked on textbox [[ChromeDriver: chrome on WINDOWS (dbf094043140f4fd3740ce6030a5e3ed)] -> xpath: //input[@name='password']]
[INFO ] 2023-01-16 17:13:31.502 [main] Log - Entered text on [[ChromeDriver: chrome on WINDOWS (dbf094043140f4fd3740ce6030a5e3ed)] -> xpath: //input[@name='password']] text
[INFO ] 2023-01-16 17:13:31.584 [main] Log - wait for until element [[ChromeDriver: chrome on WINDOWS (dbf094043140f4fd3740ce6030a5e3ed)] -> xpath: //button[normalize-space()='Sign In']]is visible
[INFO ] 2023-01-16 17:13:31.673 [main] Log - Clicked on element [[ChromeDriver: chrome on WINDOWS (dbf094043140f4fd3740ce6030a5e3ed)] -> xpath: //button[normalize-space()='Sign In']]
[INFO ] 2023-01-16 17:13:36.688 [main] Log - LoginPageTest is passed
[INFO ] 2023-01-16 17:13:36.688 [main] Log - LoginPage com.blazeclan.qa.test.testng.LoginTest 42b4d512-68d9-441d-9f50-b58ce10caa11 []
[INFO ] 2023-01-16 17:13:36.947 [main] Log - Logout Test is starting. 
[ERROR] 2023-01-16 17:13:48.500 [main] Log - LogoutTest is failed
[INFO ] 2023-01-16 17:13:48.722 [main] Log - I am on finish method testng
[INFO ] 2023-01-16 17:15:16.325 [main] Log - chrome browser selected
[INFO ] 2023-01-16 17:15:16.543 [main] Log - Opened chrome browser
[INFO ] 2023-01-16 17:15:16.563 [main] Log - Window is maximized
[INFO ] 2023-01-16 17:15:21.899 [main] Log - Opened URL is  https://pulse-stage.projectai.com/login
[INFO ] 2023-01-16 17:15:21.954 [main] Log - LoginPage Test is starting. 
[INFO ] 2023-01-16 17:15:22.085 [main] Log - Text in the element is [[ChromeDriver: chrome on WINDOWS (87888490cff8e3702e187c74fdca3b7e)] -> xpath: //input[@name='username']]is cleared
[INFO ] 2023-01-16 17:15:22.164 [main] Log - Cliked on textbox [[ChromeDriver: chrome on WINDOWS (87888490cff8e3702e187c74fdca3b7e)] -> xpath: //input[@name='username']]
[INFO ] 2023-01-16 17:15:22.317 [main] Log - Entered text on [[ChromeDriver: chrome on WINDOWS (87888490cff8e3702e187c74fdca3b7e)] -> xpath: //input[@name='username']] text
[INFO ] 2023-01-16 17:15:22.383 [main] Log - Text in the element is [[ChromeDriver: chrome on WINDOWS (87888490cff8e3702e187c74fdca3b7e)] -> xpath: //input[@name='password']]is cleared
[INFO ] 2023-01-16 17:15:22.483 [main] Log - Cliked on textbox [[ChromeDriver: chrome on WINDOWS (87888490cff8e3702e187c74fdca3b7e)] -> xpath: //input[@name='password']]
[INFO ] 2023-01-16 17:15:22.578 [main] Log - Entered text on [[ChromeDriver: chrome on WINDOWS (87888490cff8e3702e187c74fdca3b7e)] -> xpath: //input[@name='password']] text
[INFO ] 2023-01-16 17:15:22.659 [main] Log - wait for until element [[ChromeDriver: chrome on WINDOWS (87888490cff8e3702e187c74fdca3b7e)] -> xpath: //button[normalize-space()='Sign In']]is visible
[INFO ] 2023-01-16 17:15:22.760 [main] Log - Clicked on element [[ChromeDriver: chrome on WINDOWS (87888490cff8e3702e187c74fdca3b7e)] -> xpath: //button[normalize-space()='Sign In']]
[INFO ] 2023-01-16 17:15:27.792 [main] Log - LoginPageTest is passed
[INFO ] 2023-01-16 17:15:27.793 [main] Log - LoginPage com.blazeclan.qa.test.testng.LoginTest 0cd234c5-3ea1-4752-9e46-e01e44dc9096 []
[INFO ] 2023-01-16 17:15:28.048 [main] Log - Logout Test is starting. 
[INFO ] 2023-01-16 17:15:28.110 [main] Log - wait for until element [[ChromeDriver: chrome on WINDOWS (87888490cff8e3702e187c74fdca3b7e)] -> xpath: //span[@class='_3JU2f9K7FBTWn0MXSKilJa']]is visible
[INFO ] 2023-01-16 17:15:28.186 [main] Log - Clicked on element [[ChromeDriver: chrome on WINDOWS (87888490cff8e3702e187c74fdca3b7e)] -> xpath: //span[@class='_3JU2f9K7FBTWn0MXSKilJa']]
[INFO ] 2023-01-16 17:15:31.245 [main] Log - wait for until element [[ChromeDriver: chrome on WINDOWS (87888490cff8e3702e187c74fdca3b7e)] -> xpath: //a[normalize-space()='Log Out']]is visible
[INFO ] 2023-01-16 17:15:34.478 [main] Log - Clicked on element Proxy element for: DefaultElementLocator 'By.xpath: //a[normalize-space()='Log Out']'
[INFO ] 2023-01-16 17:15:34.483 [main] Log - LogoutTest is passed
[INFO ] 2023-01-16 17:15:34.483 [main] Log - Logout com.blazeclan.qa.test.testng.LogoutTest 2d839a5d-09c8-41d9-af18-7dfd954f2d01 []
[INFO ] 2023-01-16 17:15:34.832 [main] Log - I am on finish method testng
[INFO ] 2023-01-16 17:18:55.897 [main] Log - chrome browser selected
[INFO ] 2023-01-16 17:18:56.135 [main] Log - Opened chrome browser
[INFO ] 2023-01-16 17:18:56.152 [main] Log - Window is maximized
[INFO ] 2023-01-16 17:19:02.111 [main] Log - Opened URL is  https://pulse-stage.projectai.com/login
[INFO ] 2023-01-16 17:19:02.162 [main] Log - LoginPage test is starting.
[INFO ] 2023-01-16 17:19:02.309 [main] Log - Text in the element is [[ChromeDriver: chrome on WINDOWS (c2556fbe74f29478bb3d57120ca805a7)] -> xpath: //input[@name='username']]is cleared
[INFO ] 2023-01-16 17:19:02.425 [main] Log - Cliked on textbox [[ChromeDriver: chrome on WINDOWS (c2556fbe74f29478bb3d57120ca805a7)] -> xpath: //input[@name='username']]
[INFO ] 2023-01-16 17:19:02.570 [main] Log - Entered text on [[ChromeDriver: chrome on WINDOWS (c2556fbe74f29478bb3d57120ca805a7)] -> xpath: //input[@name='username']] text
[INFO ] 2023-01-16 17:19:02.634 [main] Log - Text in the element is [[ChromeDriver: chrome on WINDOWS (c2556fbe74f29478bb3d57120ca805a7)] -> xpath: //input[@name='password']]is cleared
[INFO ] 2023-01-16 17:19:02.709 [main] Log - Cliked on textbox [[ChromeDriver: chrome on WINDOWS (c2556fbe74f29478bb3d57120ca805a7)] -> xpath: //input[@name='password']]
[INFO ] 2023-01-16 17:19:02.797 [main] Log - Entered text on [[ChromeDriver: chrome on WINDOWS (c2556fbe74f29478bb3d57120ca805a7)] -> xpath: //input[@name='password']] text
[INFO ] 2023-01-16 17:19:02.872 [main] Log - wait for until element [[ChromeDriver: chrome on WINDOWS (c2556fbe74f29478bb3d57120ca805a7)] -> xpath: //button[normalize-space()='Sign In']]is visible
[INFO ] 2023-01-16 17:19:02.946 [main] Log - Clicked on element [[ChromeDriver: chrome on WINDOWS (c2556fbe74f29478bb3d57120ca805a7)] -> xpath: //button[normalize-space()='Sign In']]
[INFO ] 2023-01-16 17:19:07.966 [main] Log - LoginPage Test is passed
[INFO ] 2023-01-16 17:19:07.967 [main] Log - LoginPage com.blazeclan.qa.test.testng.LoginTest  null d713edcd-3cf1-4d59-94c5-5844f032f730  []
[INFO ] 2023-01-16 17:19:08.201 [main] Log - Logout test is starting.
[INFO ] 2023-01-16 17:19:08.259 [main] Log - wait for until element [[ChromeDriver: chrome on WINDOWS (c2556fbe74f29478bb3d57120ca805a7)] -> xpath: //span[@class='_3JU2f9K7FBTWn0MXSKilJa']]is visible
[INFO ] 2023-01-16 17:19:08.327 [main] Log - Clicked on element [[ChromeDriver: chrome on WINDOWS (c2556fbe74f29478bb3d57120ca805a7)] -> xpath: //span[@class='_3JU2f9K7FBTWn0MXSKilJa']]
[INFO ] 2023-01-16 17:19:11.387 [main] Log - wait for until element [[ChromeDriver: chrome on WINDOWS (c2556fbe74f29478bb3d57120ca805a7)] -> xpath: //a[normalize-space()='Log Out']]is visible
[INFO ] 2023-01-16 17:19:13.716 [main] Log - Clicked on element Proxy element for: DefaultElementLocator 'By.xpath: //a[normalize-space()='Log Out']'
[INFO ] 2023-01-16 17:19:13.719 [main] Log - Logout Test is passed
[INFO ] 2023-01-16 17:19:13.720 [main] Log - Logout com.blazeclan.qa.test.testng.LogoutTest  null f937f6a9-f444-4cb7-967a-9b4e62dc76bd  []
[INFO ] 2023-01-16 17:19:14.013 [main] Log - I am in onFinish method testng
[INFO ] 2023-01-16 17:28:07.619 [main] Log - chrome browser selected
[INFO ] 2023-01-16 17:28:08.067 [main] Log - Opened chrome browser
[INFO ] 2023-01-16 17:28:08.095 [main] Log - Window is maximized
[INFO ] 2023-01-16 17:28:16.771 [main] Log - Opened URL is  https://pulse-stage.projectai.com/login
[INFO ] 2023-01-16 17:28:16.801 [main] Log - LoginPage Test is starting. 
[INFO ] 2023-01-16 17:28:16.881 [main] Log - Text in the element is [[ChromeDriver: chrome on WINDOWS (773006b8753c572b1954481a5580a42e)] -> xpath: //input[@name='username']]is cleared
[INFO ] 2023-01-16 17:28:16.940 [main] Log - Cliked on textbox [[ChromeDriver: chrome on WINDOWS (773006b8753c572b1954481a5580a42e)] -> xpath: //input[@name='username']]
[INFO ] 2023-01-16 17:28:17.050 [main] Log - Entered text on [[ChromeDriver: chrome on WINDOWS (773006b8753c572b1954481a5580a42e)] -> xpath: //input[@name='username']] text
[INFO ] 2023-01-16 17:28:17.093 [main] Log - Text in the element is [[ChromeDriver: chrome on WINDOWS (773006b8753c572b1954481a5580a42e)] -> xpath: //input[@name='password']]is cleared
[INFO ] 2023-01-16 17:28:17.139 [main] Log - Cliked on textbox [[ChromeDriver: chrome on WINDOWS (773006b8753c572b1954481a5580a42e)] -> xpath: //input[@name='password']]
[INFO ] 2023-01-16 17:28:17.210 [main] Log - Entered text on [[ChromeDriver: chrome on WINDOWS (773006b8753c572b1954481a5580a42e)] -> xpath: //input[@name='password']] text
[INFO ] 2023-01-16 17:28:17.255 [main] Log - wait for until element [[ChromeDriver: chrome on WINDOWS (773006b8753c572b1954481a5580a42e)] -> xpath: //button[normalize-space()='Sign In']]is visible
[INFO ] 2023-01-16 17:28:17.573 [main] Log - Clicked on element [[ChromeDriver: chrome on WINDOWS (773006b8753c572b1954481a5580a42e)] -> xpath: //button[normalize-space()='Sign In']]
[INFO ] 2023-01-16 17:28:22.600 [main] Log - LoginPageTest is passed
[INFO ] 2023-01-16 17:28:22.600 [main] Log - LoginPage com.blazeclan.qa.test.testng.LoginTest 80e10abd-f2f0-4463-ac40-11e18a60942b []
[INFO ] 2023-01-16 17:28:22.781 [main] Log - Logout Test is starting. 
[INFO ] 2023-01-16 17:28:22.823 [main] Log - wait for until element [[ChromeDriver: chrome on WINDOWS (773006b8753c572b1954481a5580a42e)] -> xpath: //span[@class='_3JU2f9K7FBTWn0MXSKilJa']]is visible
[INFO ] 2023-01-16 17:28:22.880 [main] Log - Clicked on element [[ChromeDriver: chrome on WINDOWS (773006b8753c572b1954481a5580a42e)] -> xpath: //span[@class='_3JU2f9K7FBTWn0MXSKilJa']]
[INFO ] 2023-01-16 17:28:25.922 [main] Log - wait for until element [[ChromeDriver: chrome on WINDOWS (773006b8753c572b1954481a5580a42e)] -> xpath: //a[normalize-space()='Log Out']]is visible
[INFO ] 2023-01-16 17:28:27.892 [main] Log - Clicked on element Proxy element for: DefaultElementLocator 'By.xpath: //a[normalize-space()='Log Out']'
[INFO ] 2023-01-16 17:28:27.895 [main] Log - LogoutTest is passed
[INFO ] 2023-01-16 17:28:27.895 [main] Log - Logout com.blazeclan.qa.test.testng.LogoutTest 28715313-f960-4ccc-bf87-38a3ded9e9e2 []
[INFO ] 2023-01-16 17:28:28.137 [main] Log - I am on finish method testng
[INFO ] 2023-01-16 17:32:41.865 [main] Log - chrome browser selected
[INFO ] 2023-01-16 17:32:42.087 [main] Log - Opened chrome browser
[INFO ] 2023-01-16 17:32:42.103 [main] Log - Window is maximized
[INFO ] 2023-01-16 17:32:44.931 [main] Log - Opened URL is  https://pulse-stage.projectai.com/login
[INFO ] 2023-01-16 17:32:44.960 [main] Log - LoginPage Test is starting. 
[INFO ] 2023-01-16 17:32:45.035 [main] Log - Text in the element is [[ChromeDriver: chrome on WINDOWS (4e626df833b2c11be883f5fbda322cc2)] -> xpath: //input[@name='username']]is cleared
[INFO ] 2023-01-16 17:32:45.129 [main] Log - Cliked on textbox [[ChromeDriver: chrome on WINDOWS (4e626df833b2c11be883f5fbda322cc2)] -> xpath: //input[@name='username']]
[INFO ] 2023-01-16 17:32:45.272 [main] Log - Entered text on [[ChromeDriver: chrome on WINDOWS (4e626df833b2c11be883f5fbda322cc2)] -> xpath: //input[@name='username']] text
[INFO ] 2023-01-16 17:32:45.322 [main] Log - Text in the element is [[ChromeDriver: chrome on WINDOWS (4e626df833b2c11be883f5fbda322cc2)] -> xpath: //input[@name='password']]is cleared
[INFO ] 2023-01-16 17:32:45.373 [main] Log - Cliked on textbox [[ChromeDriver: chrome on WINDOWS (4e626df833b2c11be883f5fbda322cc2)] -> xpath: //input[@name='password']]
[INFO ] 2023-01-16 17:32:45.440 [main] Log - Entered text on [[ChromeDriver: chrome on WINDOWS (4e626df833b2c11be883f5fbda322cc2)] -> xpath: //input[@name='password']] text
[INFO ] 2023-01-16 17:32:45.477 [main] Log - wait for until element [[ChromeDriver: chrome on WINDOWS (4e626df833b2c11be883f5fbda322cc2)] -> xpath: //button[normalize-space()='Sign In']]is visible
[INFO ] 2023-01-16 17:32:45.521 [main] Log - Clicked on element [[ChromeDriver: chrome on WINDOWS (4e626df833b2c11be883f5fbda322cc2)] -> xpath: //button[normalize-space()='Sign In']]
[INFO ] 2023-01-16 17:32:50.539 [main] Log - LoginPageTest is passed
[INFO ] 2023-01-16 17:32:50.539 [main] Log - LoginPage com.blazeclan.qa.test.testng.LoginTest 6f6bfc23-cc63-4f00-a0e4-17236844528c []
[INFO ] 2023-01-16 17:32:50.743 [main] Log - Logout Test is starting. 
[INFO ] 2023-01-16 17:32:50.781 [main] Log - wait for until element [[ChromeDriver: chrome on WINDOWS (4e626df833b2c11be883f5fbda322cc2)] -> xpath: //span[@class='_3JU2f9K7FBTWn0MXSKilJa']]is visible
[INFO ] 2023-01-16 17:32:50.861 [main] Log - Clicked on element [[ChromeDriver: chrome on WINDOWS (4e626df833b2c11be883f5fbda322cc2)] -> xpath: //span[@class='_3JU2f9K7FBTWn0MXSKilJa']]
[INFO ] 2023-01-16 17:32:53.915 [main] Log - wait for until element [[ChromeDriver: chrome on WINDOWS (4e626df833b2c11be883f5fbda322cc2)] -> xpath: //a[normalize-space()='Log Out']]is visible
[INFO ] 2023-01-16 17:32:55.476 [main] Log - Clicked on element Proxy element for: DefaultElementLocator 'By.xpath: //a[normalize-space()='Log Out']'
[INFO ] 2023-01-16 17:32:55.476 [main] Log - LogoutTest is passed
[INFO ] 2023-01-16 17:32:55.477 [main] Log - Logout com.blazeclan.qa.test.testng.LogoutTest aaef144f-4c97-4146-9ac1-822b6035d240 []
[INFO ] 2023-01-16 17:32:55.699 [main] Log - I am on finish method testng
[INFO ] 2023-01-16 17:39:57.321 [main] Log - chrome browser selected
[INFO ] 2023-01-16 17:39:57.644 [main] Log - Opened chrome browser
[INFO ] 2023-01-16 17:39:57.660 [main] Log - Window is maximized
[INFO ] 2023-01-16 17:40:03.634 [main] Log - Opened URL is  https://pulse-stage.projectai.com/login
[INFO ] 2023-01-16 17:40:03.674 [main] Log - LoginPage Test is starting. 
[INFO ] 2023-01-16 17:40:03.760 [main] Log - Text in the element is [[ChromeDriver: chrome on WINDOWS (d9f61aeee20835876acedb229f24128e)] -> xpath: //input[@name='username']]is cleared
[INFO ] 2023-01-16 17:40:03.847 [main] Log - Cliked on textbox [[ChromeDriver: chrome on WINDOWS (d9f61aeee20835876acedb229f24128e)] -> xpath: //input[@name='username']]
[INFO ] 2023-01-16 17:40:03.950 [main] Log - Entered text on [[ChromeDriver: chrome on WINDOWS (d9f61aeee20835876acedb229f24128e)] -> xpath: //input[@name='username']] text
[INFO ] 2023-01-16 17:40:03.999 [main] Log - Text in the element is [[ChromeDriver: chrome on WINDOWS (d9f61aeee20835876acedb229f24128e)] -> xpath: //input[@name='password']]is cleared
[INFO ] 2023-01-16 17:40:04.055 [main] Log - Cliked on textbox [[ChromeDriver: chrome on WINDOWS (d9f61aeee20835876acedb229f24128e)] -> xpath: //input[@name='password']]
[INFO ] 2023-01-16 17:40:04.137 [main] Log - Entered text on [[ChromeDriver: chrome on WINDOWS (d9f61aeee20835876acedb229f24128e)] -> xpath: //input[@name='password']] text
[INFO ] 2023-01-16 17:40:04.196 [main] Log - wait for until element [[ChromeDriver: chrome on WINDOWS (d9f61aeee20835876acedb229f24128e)] -> xpath: //button[normalize-space()='Sign In']]is visible
[INFO ] 2023-01-16 17:40:04.250 [main] Log - Clicked on element [[ChromeDriver: chrome on WINDOWS (d9f61aeee20835876acedb229f24128e)] -> xpath: //button[normalize-space()='Sign In']]
[INFO ] 2023-01-16 17:40:09.273 [main] Log - LoginPageTest is passed
[INFO ] 2023-01-16 17:40:09.274 [main] Log - LoginPage com.blazeclan.qa.test.testng.LoginTest eb09b004-fd89-4fc1-b175-c173e469036d []
[INFO ] 2023-01-16 17:40:09.456 [main] Log - Logout Test is starting. 
[INFO ] 2023-01-16 17:40:09.495 [main] Log - wait for until element [[ChromeDriver: chrome on WINDOWS (d9f61aeee20835876acedb229f24128e)] -> xpath: //span[@class='_3JU2f9K7FBTWn0MXSKilJa']]is visible
[INFO ] 2023-01-16 17:40:09.588 [main] Log - Clicked on element [[ChromeDriver: chrome on WINDOWS (d9f61aeee20835876acedb229f24128e)] -> xpath: //span[@class='_3JU2f9K7FBTWn0MXSKilJa']]
[INFO ] 2023-01-16 17:40:12.639 [main] Log - wait for until element [[ChromeDriver: chrome on WINDOWS (d9f61aeee20835876acedb229f24128e)] -> xpath: //a[normalize-space()='Log Out']]is visible
[INFO ] 2023-01-16 17:40:15.260 [main] Log - Clicked on element Proxy element for: DefaultElementLocator 'By.xpath: //a[normalize-space()='Log Out']'
[INFO ] 2023-01-16 17:40:15.261 [main] Log - LogoutTest is passed
[INFO ] 2023-01-16 17:40:15.262 [main] Log - Logout com.blazeclan.qa.test.testng.LogoutTest 4eecc692-3676-41c3-ba0c-79ce9906272a []
[INFO ] 2023-01-16 17:40:15.474 [main] Log - I am on finish method testng
[INFO ] 2023-01-16 17:40:41.128 [main] Log - chrome browser selected
[INFO ] 2023-01-16 17:40:41.372 [main] Log - Opened chrome browser
[INFO ] 2023-01-16 17:40:41.387 [main] Log - Window is maximized
[INFO ] 2023-01-16 17:40:44.157 [main] Log - Opened URL is  https://pulse-stage.projectai.com/login
[INFO ] 2023-01-16 17:40:44.189 [main] Log - LoginPage Test is starting. 
[INFO ] 2023-01-16 17:40:44.259 [main] Log - Text in the element is [[ChromeDriver: chrome on WINDOWS (d6a9c49ec66c6342a47e25dbec0a56f4)] -> xpath: //input[@name='username']]is cleared
[INFO ] 2023-01-16 17:40:44.334 [main] Log - Cliked on textbox [[ChromeDriver: chrome on WINDOWS (d6a9c49ec66c6342a47e25dbec0a56f4)] -> xpath: //input[@name='username']]
[INFO ] 2023-01-16 17:40:44.490 [main] Log - Entered text on [[ChromeDriver: chrome on WINDOWS (d6a9c49ec66c6342a47e25dbec0a56f4)] -> xpath: //input[@name='username']] text
[INFO ] 2023-01-16 17:40:44.551 [main] Log - Text in the element is [[ChromeDriver: chrome on WINDOWS (d6a9c49ec66c6342a47e25dbec0a56f4)] -> xpath: //input[@name='password']]is cleared
[INFO ] 2023-01-16 17:40:44.618 [main] Log - Cliked on textbox [[ChromeDriver: chrome on WINDOWS (d6a9c49ec66c6342a47e25dbec0a56f4)] -> xpath: //input[@name='password']]
[INFO ] 2023-01-16 17:40:44.742 [main] Log - Entered text on [[ChromeDriver: chrome on WINDOWS (d6a9c49ec66c6342a47e25dbec0a56f4)] -> xpath: //input[@name='password']] text
[INFO ] 2023-01-16 17:40:44.826 [main] Log - wait for until element [[ChromeDriver: chrome on WINDOWS (d6a9c49ec66c6342a47e25dbec0a56f4)] -> xpath: //button[normalize-space()='Sign In']]is visible
[INFO ] 2023-01-16 17:40:44.894 [main] Log - Clicked on element [[ChromeDriver: chrome on WINDOWS (d6a9c49ec66c6342a47e25dbec0a56f4)] -> xpath: //button[normalize-space()='Sign In']]
[INFO ] 2023-01-16 17:40:49.914 [main] Log - LoginPageTest is passed
[INFO ] 2023-01-16 17:40:49.915 [main] Log - LoginPage com.blazeclan.qa.test.testng.LoginTest a0aba281-e29e-4680-9c14-0f58cde909cf []
[INFO ] 2023-01-16 17:40:50.117 [main] Log - Logout Test is starting. 
[INFO ] 2023-01-16 17:40:50.158 [main] Log - wait for until element [[ChromeDriver: chrome on WINDOWS (d6a9c49ec66c6342a47e25dbec0a56f4)] -> xpath: //span[@class='_3JU2f9K7FBTWn0MXSKilJa']]is visible
[INFO ] 2023-01-16 17:40:50.227 [main] Log - Clicked on element [[ChromeDriver: chrome on WINDOWS (d6a9c49ec66c6342a47e25dbec0a56f4)] -> xpath: //span[@class='_3JU2f9K7FBTWn0MXSKilJa']]
[INFO ] 2023-01-16 17:40:53.272 [main] Log - wait for until element [[ChromeDriver: chrome on WINDOWS (d6a9c49ec66c6342a47e25dbec0a56f4)] -> xpath: //a[normalize-space()='Log Out']]is visible
[INFO ] 2023-01-16 17:40:54.978 [main] Log - Clicked on element Proxy element for: DefaultElementLocator 'By.xpath: //a[normalize-space()='Log Out']'
[INFO ] 2023-01-16 17:40:54.979 [main] Log - LogoutTest is passed
[INFO ] 2023-01-16 17:40:54.979 [main] Log - Logout com.blazeclan.qa.test.testng.LogoutTest 6f927277-5b12-4578-86d3-0f7112c35f6d []
[INFO ] 2023-01-16 17:40:55.176 [main] Log - I am on finish method testng
[INFO ] 2023-01-16 17:42:55.123 [main] Log - chrome browser selected
[INFO ] 2023-01-16 17:42:55.355 [main] Log - Opened chrome browser
[INFO ] 2023-01-16 17:42:55.372 [main] Log - Window is maximized
[INFO ] 2023-01-16 17:42:57.986 [main] Log - Opened URL is  https://pulse-stage.projectai.com/login
[INFO ] 2023-01-16 17:42:58.020 [main] Log - LoginPage Test is starting. 
[INFO ] 2023-01-16 17:42:58.077 [main] Log - Text in the element is [[ChromeDriver: chrome on WINDOWS (ed3fcf6ac89fdb1aa5771f36b1d3093d)] -> xpath: //input[@name='username']]is cleared
[INFO ] 2023-01-16 17:42:58.141 [main] Log - Cliked on textbox [[ChromeDriver: chrome on WINDOWS (ed3fcf6ac89fdb1aa5771f36b1d3093d)] -> xpath: //input[@name='username']]
[INFO ] 2023-01-16 17:42:58.231 [main] Log - Entered text on [[ChromeDriver: chrome on WINDOWS (ed3fcf6ac89fdb1aa5771f36b1d3093d)] -> xpath: //input[@name='username']] text
[INFO ] 2023-01-16 17:42:58.272 [main] Log - Text in the element is [[ChromeDriver: chrome on WINDOWS (ed3fcf6ac89fdb1aa5771f36b1d3093d)] -> xpath: //input[@name='password']]is cleared
[INFO ] 2023-01-16 17:42:58.320 [main] Log - Cliked on textbox [[ChromeDriver: chrome on WINDOWS (ed3fcf6ac89fdb1aa5771f36b1d3093d)] -> xpath: //input[@name='password']]
[INFO ] 2023-01-16 17:42:58.374 [main] Log - Entered text on [[ChromeDriver: chrome on WINDOWS (ed3fcf6ac89fdb1aa5771f36b1d3093d)] -> xpath: //input[@name='password']] text
[INFO ] 2023-01-16 17:42:58.418 [main] Log - wait for until element [[ChromeDriver: chrome on WINDOWS (ed3fcf6ac89fdb1aa5771f36b1d3093d)] -> xpath: //button[normalize-space()='Sign In']]is visible
[INFO ] 2023-01-16 17:42:58.478 [main] Log - Clicked on element [[ChromeDriver: chrome on WINDOWS (ed3fcf6ac89fdb1aa5771f36b1d3093d)] -> xpath: //button[normalize-space()='Sign In']]
[INFO ] 2023-01-16 17:43:03.491 [main] Log - LoginPageTest is passed
[INFO ] 2023-01-16 17:43:03.492 [main] Log - LoginPage com.blazeclan.qa.test.testng.LoginTest ff7816f2-43d0-4d8c-97f9-38537ad84575 []
[INFO ] 2023-01-16 17:43:03.697 [main] Log - Logout Test is starting. 
[INFO ] 2023-01-16 17:43:03.737 [main] Log - wait for until element [[ChromeDriver: chrome on WINDOWS (ed3fcf6ac89fdb1aa5771f36b1d3093d)] -> xpath: //span[@class='_3JU2f9K7FBTWn0MXSKilJa']]is visible
[INFO ] 2023-01-16 17:43:03.797 [main] Log - Clicked on element [[ChromeDriver: chrome on WINDOWS (ed3fcf6ac89fdb1aa5771f36b1d3093d)] -> xpath: //span[@class='_3JU2f9K7FBTWn0MXSKilJa']]
[INFO ] 2023-01-16 17:43:06.860 [main] Log - wait for until element [[ChromeDriver: chrome on WINDOWS (ed3fcf6ac89fdb1aa5771f36b1d3093d)] -> xpath: //a[normalize-space()='Log Out']]is visible
[INFO ] 2023-01-16 17:43:08.360 [main] Log - Clicked on element Proxy element for: DefaultElementLocator 'By.xpath: //a[normalize-space()='Log Out']'
[INFO ] 2023-01-16 17:43:08.360 [main] Log - LogoutTest is passed
[INFO ] 2023-01-16 17:43:08.360 [main] Log - Logout com.blazeclan.qa.test.testng.LogoutTest 5a34b87f-2505-4fc7-9b4f-4c34e5c83df9 []
[INFO ] 2023-01-16 17:43:08.556 [main] Log - I am on finish method testng
