[INFO ] 2023-02-14 16:41:37.283 [main] Log - chrome browser selected
[INFO ] 2023-02-14 16:41:37.695 [main] Log - Opened chrome browser
[INFO ] 2023-02-14 16:41:37.869 [main] Log - Window is maximized
[INFO ] 2023-02-14 16:41:46.615 [main] Log - Opened URL is  https://pulse-stage.projectai.com/login
[INFO ] 2023-02-14 16:41:46.655 [main] Log - LoginPage Test is starting. 
[INFO ] 2023-02-14 16:41:46.788 [main] Log - Text in the element is [[ChromeDriver: chrome on WINDOWS (d104d1f9628f9fb12a4a1bd99ea2d1c1)] -> xpath: //input[@name='username']]is cleared
[INFO ] 2023-02-14 16:41:46.900 [main] Log - Cliked on textbox [[ChromeDriver: chrome on WINDOWS (d104d1f9628f9fb12a4a1bd99ea2d1c1)] -> xpath: //input[@name='username']]
[INFO ] 2023-02-14 16:41:47.047 [main] Log - Entered text on [[ChromeDriver: chrome on WINDOWS (d104d1f9628f9fb12a4a1bd99ea2d1c1)] -> xpath: //input[@name='username']] text
[INFO ] 2023-02-14 16:41:47.102 [main] Log - Text in the element is [[ChromeDriver: chrome on WINDOWS (d104d1f9628f9fb12a4a1bd99ea2d1c1)] -> xpath: //input[@name='password']]is cleared
[INFO ] 2023-02-14 16:41:47.184 [main] Log - Cliked on textbox [[ChromeDriver: chrome on WINDOWS (d104d1f9628f9fb12a4a1bd99ea2d1c1)] -> xpath: //input[@name='password']]
[INFO ] 2023-02-14 16:41:47.268 [main] Log - Entered text on [[ChromeDriver: chrome on WINDOWS (d104d1f9628f9fb12a4a1bd99ea2d1c1)] -> xpath: //input[@name='password']] text
[INFO ] 2023-02-14 16:41:47.343 [main] Log - wait for until element [[ChromeDriver: chrome on WINDOWS (d104d1f9628f9fb12a4a1bd99ea2d1c1)] -> xpath: //button[normalize-space()='Sign In']]is visible
[INFO ] 2023-02-14 16:41:47.415 [main] Log - Clicked on element [[ChromeDriver: chrome on WINDOWS (d104d1f9628f9fb12a4a1bd99ea2d1c1)] -> xpath: //button[normalize-space()='Sign In']]
[INFO ] 2023-02-14 16:41:50.448 [main] Log - LoginPageTest is passed
[INFO ] 2023-02-14 16:41:50.449 [main] Log - LoginPage com.blazeclan.qa.test.testng.LoginTest 339a7542-ce34-4e0b-afc3-b8f6aace762c []
[INFO ] 2023-02-14 16:41:50.679 [main] Log - AboutMe Test is starting. 
[INFO ] 2023-02-14 16:41:55.743 [main] Log - wait for until element [[ChromeDriver: chrome on WINDOWS (d104d1f9628f9fb12a4a1bd99ea2d1c1)] -> xpath: //span[contains(text(),'My Projects')]]is visible
[INFO ] 2023-02-14 16:41:55.814 [main] Log - Clicked on element [[ChromeDriver: chrome on WINDOWS (d104d1f9628f9fb12a4a1bd99ea2d1c1)] -> xpath: //span[contains(text(),'My Projects')]]
[INFO ] 2023-02-14 16:41:56.414 [main] Log - wait for until element [[ChromeDriver: chrome on WINDOWS (d104d1f9628f9fb12a4a1bd99ea2d1c1)] -> xpath: //li[@class='pro-menu-item']/div/span[@class='pro-item-content']]is visible
[INFO ] 2023-02-14 16:41:56.493 [main] Log - Clicked on element [[ChromeDriver: chrome on WINDOWS (d104d1f9628f9fb12a4a1bd99ea2d1c1)] -> xpath: //li[@class='pro-menu-item']/div/span[@class='pro-item-content']]
[INFO ] 2023-02-14 16:42:01.554 [main] Log - wait for until element [[ChromeDriver: chrome on WINDOWS (d104d1f9628f9fb12a4a1bd99ea2d1c1)] -> xpath: //span[@class='MuiIconButton-label']]is visible
[INFO ] 2023-02-14 16:42:01.613 [main] Log - Clicked on element [[ChromeDriver: chrome on WINDOWS (d104d1f9628f9fb12a4a1bd99ea2d1c1)] -> xpath: //span[@class='MuiIconButton-label']]
[INFO ] 2023-02-14 16:42:01.655 [main] Log - wait for until element [[ChromeDriver: chrome on WINDOWS (d104d1f9628f9fb12a4a1bd99ea2d1c1)] -> xpath: //span[contains(text(),'About Me')]]is visible
[INFO ] 2023-02-14 16:42:02.389 [main] Log - Clicked on element [[ChromeDriver: chrome on WINDOWS (d104d1f9628f9fb12a4a1bd99ea2d1c1)] -> xpath: //span[contains(text(),'About Me')]]
[INFO ] 2023-02-14 16:42:05.445 [main] Log - wait for until element [[ChromeDriver: chrome on WINDOWS (d104d1f9628f9fb12a4a1bd99ea2d1c1)] -> xpath: //*[@class='_2kiHKNbvQmG4zgHt7oz96W EIwcdJQ929umkl9iYDdm9']]is visible
[INFO ] 2023-02-14 16:42:05.885 [main] Log - slider action performed on element [[ChromeDriver: chrome on WINDOWS (d104d1f9628f9fb12a4a1bd99ea2d1c1)] -> xpath: //*[@class='_2kiHKNbvQmG4zgHt7oz96W EIwcdJQ929umkl9iYDdm9']]
[INFO ] 2023-02-14 16:42:05.921 [main] Log - wait for until element [[ChromeDriver: chrome on WINDOWS (d104d1f9628f9fb12a4a1bd99ea2d1c1)] -> xpath: //a[@class='_1hylHuyaZ6-giDZ1GsftK3']]is visible
[INFO ] 2023-02-14 16:42:05.992 [main] Log - Clicked on element [[ChromeDriver: chrome on WINDOWS (d104d1f9628f9fb12a4a1bd99ea2d1c1)] -> xpath: //a[@class='_1hylHuyaZ6-giDZ1GsftK3']]
[INFO ] 2023-02-14 16:42:05.995 [main] Log - AboutMeTest is passed
[INFO ] 2023-02-14 16:42:05.995 [main] Log - AboutMe com.blazeclan.qa.test.testng.AboutMeTest 641e6725-dc83-40a8-bd9f-ef2680db0c83 []
[INFO ] 2023-02-14 16:42:06.261 [main] Log - I am on finish method testng
