[INFO ] 2023-01-04 10:14:54.495 [main] Log - chrome browser selected
[INFO ] 2023-01-04 10:14:54.780 [main] Log - Opened chrome browser
[INFO ] 2023-01-04 10:14:54.798 [main] Log - Window is maximized
[INFO ] 2023-01-04 10:14:57.577 [main] Log - Opened URL is  https://pulse-stage.projectai.com/login
[INFO ] 2023-01-04 10:14:57.671 [main] Log - Text in the element is [[ChromeDriver: chrome on WINDOWS (1fe5fc385f46f81e0077de21a37e0c7d)] -> xpath: //input[@name='username']]is cleared
[INFO ] 2023-01-04 10:14:57.751 [main] Log - Cliked on textbox [[ChromeDriver: chrome on WINDOWS (1fe5fc385f46f81e0077de21a37e0c7d)] -> xpath: //input[@name='username']]
[INFO ] 2023-01-04 10:14:57.878 [main] Log - Entered text on [[ChromeDriver: chrome on WINDOWS (1fe5fc385f46f81e0077de21a37e0c7d)] -> xpath: //input[@name='username']] text
[INFO ] 2023-01-04 10:14:57.935 [main] Log - Text in the element is [[ChromeDriver: chrome on WINDOWS (1fe5fc385f46f81e0077de21a37e0c7d)] -> xpath: //input[@name='password']]is cleared
[INFO ] 2023-01-04 10:14:57.979 [main] Log - Cliked on textbox [[ChromeDriver: chrome on WINDOWS (1fe5fc385f46f81e0077de21a37e0c7d)] -> xpath: //input[@name='password']]
[INFO ] 2023-01-04 10:14:58.027 [main] Log - Entered text on [[ChromeDriver: chrome on WINDOWS (1fe5fc385f46f81e0077de21a37e0c7d)] -> xpath: //input[@name='password']] text
[INFO ] 2023-01-04 10:14:58.075 [main] Log - wait for until element [[ChromeDriver: chrome on WINDOWS (1fe5fc385f46f81e0077de21a37e0c7d)] -> xpath: //button[normalize-space()='Sign In']]is visible
[INFO ] 2023-01-04 10:14:58.125 [main] Log - Clicked on element [[ChromeDriver: chrome on WINDOWS (1fe5fc385f46f81e0077de21a37e0c7d)] -> xpath: //button[normalize-space()='Sign In']]
[INFO ] 2023-01-04 10:15:03.200 [main] Log - wait for until element [[ChromeDriver: chrome on WINDOWS (1fe5fc385f46f81e0077de21a37e0c7d)] -> xpath: //span[@class='_3JU2f9K7FBTWn0MXSKilJa']]is visible
[INFO ] 2023-01-04 10:15:03.253 [main] Log - Clicked on element [[ChromeDriver: chrome on WINDOWS (1fe5fc385f46f81e0077de21a37e0c7d)] -> xpath: //span[@class='_3JU2f9K7FBTWn0MXSKilJa']]
[INFO ] 2023-01-04 10:15:06.308 [main] Log - wait for until element [[ChromeDriver: chrome on WINDOWS (1fe5fc385f46f81e0077de21a37e0c7d)] -> xpath: //a[normalize-space()='Log Out']]is visible
[INFO ] 2023-01-04 10:15:07.877 [main] Log - Clicked on element Proxy element for: DefaultElementLocator 'By.xpath: //a[normalize-space()='Log Out']'
[INFO ] 2023-01-04 11:00:18.223 [main] Log - chrome browser selected
[INFO ] 2023-01-04 11:00:18.907 [main] Log - Opened chrome browser
[INFO ] 2023-01-04 11:00:18.942 [main] Log - Window is maximized
[INFO ] 2023-01-04 11:00:27.398 [main] Log - Opened URL is  https://pulse-stage.projectai.com/login
[INFO ] 2023-01-04 11:00:27.588 [main] Log - Text in the element is [[ChromeDriver: chrome on WINDOWS (c83346e051c100d9de589b0fcc9bc325)] -> xpath: //input[@name='username']]is cleared
[INFO ] 2023-01-04 11:00:27.681 [main] Log - Cliked on textbox [[ChromeDriver: chrome on WINDOWS (c83346e051c100d9de589b0fcc9bc325)] -> xpath: //input[@name='username']]
[INFO ] 2023-01-04 11:00:27.844 [main] Log - Entered text on [[ChromeDriver: chrome on WINDOWS (c83346e051c100d9de589b0fcc9bc325)] -> xpath: //input[@name='username']] text
[INFO ] 2023-01-04 11:00:27.916 [main] Log - Text in the element is [[ChromeDriver: chrome on WINDOWS (c83346e051c100d9de589b0fcc9bc325)] -> xpath: //input[@name='password']]is cleared
[INFO ] 2023-01-04 11:00:27.991 [main] Log - Cliked on textbox [[ChromeDriver: chrome on WINDOWS (c83346e051c100d9de589b0fcc9bc325)] -> xpath: //input[@name='password']]
[INFO ] 2023-01-04 11:00:28.086 [main] Log - Entered text on [[ChromeDriver: chrome on WINDOWS (c83346e051c100d9de589b0fcc9bc325)] -> xpath: //input[@name='password']] text
[INFO ] 2023-01-04 11:00:28.185 [main] Log - wait for until element [[ChromeDriver: chrome on WINDOWS (c83346e051c100d9de589b0fcc9bc325)] -> xpath: //button[normalize-space()='Sign In']]is visible
[INFO ] 2023-01-04 11:00:28.271 [main] Log - Clicked on element [[ChromeDriver: chrome on WINDOWS (c83346e051c100d9de589b0fcc9bc325)] -> xpath: //button[normalize-space()='Sign In']]
[INFO ] 2023-01-04 11:00:33.378 [main] Log - wait for until element [[ChromeDriver: chrome on WINDOWS (c83346e051c100d9de589b0fcc9bc325)] -> xpath: //span[@class='_3JU2f9K7FBTWn0MXSKilJa']]is visible
[INFO ] 2023-01-04 11:00:33.469 [main] Log - Clicked on element [[ChromeDriver: chrome on WINDOWS (c83346e051c100d9de589b0fcc9bc325)] -> xpath: //span[@class='_3JU2f9K7FBTWn0MXSKilJa']]
[INFO ] 2023-01-04 11:00:36.536 [main] Log - wait for until element [[ChromeDriver: chrome on WINDOWS (c83346e051c100d9de589b0fcc9bc325)] -> xpath: //a[normalize-space()='Log Out']]is visible
[INFO ] 2023-01-04 11:00:38.879 [main] Log - Clicked on element Proxy element for: DefaultElementLocator 'By.xpath: //a[normalize-space()='Log Out']'
[INFO ] 2023-01-04 15:51:22.486 [main] Log - chrome browser selected
[INFO ] 2023-01-04 15:51:22.779 [main] Log - Opened chrome browser
[INFO ] 2023-01-04 15:51:22.797 [main] Log - Window is maximized
[INFO ] 2023-01-04 15:51:27.471 [main] Log - Opened URL is  https://id.merchantos.com/login?&product=retail
