[INFO ] 2023-01-12 14:32:57.558 [main] Log - chrome browser selected
[INFO ] 2023-01-12 14:32:57.863 [main] Log - Opened chrome browser
[INFO ] 2023-01-12 14:32:57.881 [main] Log - Window is maximized
[INFO ] 2023-01-12 14:33:06.034 [main] Log - Opened URL is  https://pulse-stage.projectai.com/login
[INFO ] 2023-01-12 14:33:06.181 [main] Log - Text in the element is [[ChromeDriver: chrome on WINDOWS (fb44da1aeb17d990e2edf51530cd9dcd)] -> xpath: //input[@name='username']]is cleared
[INFO ] 2023-01-12 14:33:06.247 [main] Log - Cliked on textbox [[ChromeDriver: chrome on WINDOWS (fb44da1aeb17d990e2edf51530cd9dcd)] -> xpath: //input[@name='username']]
[INFO ] 2023-01-12 14:33:06.369 [main] Log - Entered text on [[ChromeDriver: chrome on WINDOWS (fb44da1aeb17d990e2edf51530cd9dcd)] -> xpath: //input[@name='username']] text
[INFO ] 2023-01-12 14:33:06.432 [main] Log - Text in the element is [[ChromeDriver: chrome on WINDOWS (fb44da1aeb17d990e2edf51530cd9dcd)] -> xpath: //input[@name='password']]is cleared
[INFO ] 2023-01-12 14:33:06.493 [main] Log - Cliked on textbox [[ChromeDriver: chrome on WINDOWS (fb44da1aeb17d990e2edf51530cd9dcd)] -> xpath: //input[@name='password']]
[INFO ] 2023-01-12 14:33:06.562 [main] Log - Entered text on [[ChromeDriver: chrome on WINDOWS (fb44da1aeb17d990e2edf51530cd9dcd)] -> xpath: //input[@name='password']] text
[INFO ] 2023-01-12 14:33:06.645 [main] Log - wait for until element [[ChromeDriver: chrome on WINDOWS (fb44da1aeb17d990e2edf51530cd9dcd)] -> xpath: //button[normalize-space()='Sign In']]is visible
[INFO ] 2023-01-12 14:33:06.707 [main] Log - Clicked on element [[ChromeDriver: chrome on WINDOWS (fb44da1aeb17d990e2edf51530cd9dcd)] -> xpath: //button[normalize-space()='Sign In']]
[INFO ] 2023-01-12 14:33:11.807 [main] Log - wait for until element [[ChromeDriver: chrome on WINDOWS (fb44da1aeb17d990e2edf51530cd9dcd)] -> xpath: //span[@class='_3JU2f9K7FBTWn0MXSKilJa']]is visible
[INFO ] 2023-01-12 14:33:11.894 [main] Log - Clicked on element [[ChromeDriver: chrome on WINDOWS (fb44da1aeb17d990e2edf51530cd9dcd)] -> xpath: //span[@class='_3JU2f9K7FBTWn0MXSKilJa']]
[INFO ] 2023-01-12 14:33:14.960 [main] Log - wait for until element [[ChromeDriver: chrome on WINDOWS (fb44da1aeb17d990e2edf51530cd9dcd)] -> xpath: //a[normalize-space()='Log Out']]is visible
[INFO ] 2023-01-12 14:33:17.025 [main] Log - Clicked on element Proxy element for: DefaultElementLocator 'By.xpath: //a[normalize-space()='Log Out']'
[INFO ] 2023-01-12 15:45:35.909 [main] Log - chrome browser selected
[INFO ] 2023-01-12 15:45:36.189 [main] Log - Opened chrome browser
[INFO ] 2023-01-12 15:45:36.208 [main] Log - Window is maximized
[INFO ] 2023-01-12 15:45:45.953 [main] Log - Opened URL is  https://pulse-stage.projectai.com/login
[INFO ] 2023-01-12 15:45:46.156 [main] Log - Text in the element is [[ChromeDriver: chrome on WINDOWS (760396d1c3f973da253987495132c5b3)] -> xpath: //input[@name='username']]is cleared
[INFO ] 2023-01-12 15:45:46.234 [main] Log - Cliked on textbox [[ChromeDriver: chrome on WINDOWS (760396d1c3f973da253987495132c5b3)] -> xpath: //input[@name='username']]
[INFO ] 2023-01-12 15:45:46.392 [main] Log - Entered text on [[ChromeDriver: chrome on WINDOWS (760396d1c3f973da253987495132c5b3)] -> xpath: //input[@name='username']] text
[INFO ] 2023-01-12 15:45:46.459 [main] Log - Text in the element is [[ChromeDriver: chrome on WINDOWS (760396d1c3f973da253987495132c5b3)] -> xpath: //input[@name='password']]is cleared
[INFO ] 2023-01-12 15:45:46.540 [main] Log - Cliked on textbox [[ChromeDriver: chrome on WINDOWS (760396d1c3f973da253987495132c5b3)] -> xpath: //input[@name='password']]
[INFO ] 2023-01-12 15:45:46.638 [main] Log - Entered text on [[ChromeDriver: chrome on WINDOWS (760396d1c3f973da253987495132c5b3)] -> xpath: //input[@name='password']] text
[INFO ] 2023-01-12 15:45:46.728 [main] Log - wait for until element [[ChromeDriver: chrome on WINDOWS (760396d1c3f973da253987495132c5b3)] -> xpath: //button[normalize-space()='Sign In']]is visible
[INFO ] 2023-01-12 15:45:46.811 [main] Log - Clicked on element [[ChromeDriver: chrome on WINDOWS (760396d1c3f973da253987495132c5b3)] -> xpath: //button[normalize-space()='Sign In']]
[INFO ] 2023-01-12 15:45:51.914 [main] Log - wait for until element [[ChromeDriver: chrome on WINDOWS (760396d1c3f973da253987495132c5b3)] -> xpath: //span[@class='_3JU2f9K7FBTWn0MXSKilJa']]is visible
[INFO ] 2023-01-12 15:45:51.996 [main] Log - Clicked on element [[ChromeDriver: chrome on WINDOWS (760396d1c3f973da253987495132c5b3)] -> xpath: //span[@class='_3JU2f9K7FBTWn0MXSKilJa']]
[INFO ] 2023-01-12 15:45:55.057 [main] Log - wait for until element [[ChromeDriver: chrome on WINDOWS (760396d1c3f973da253987495132c5b3)] -> xpath: //a[normalize-space()='Log Out']]is visible
[INFO ] 2023-01-12 15:45:57.188 [main] Log - Clicked on element Proxy element for: DefaultElementLocator 'By.xpath: //a[normalize-space()='Log Out']'
[INFO ] 2023-01-12 16:28:31.975 [main] Log - chrome browser selected
[INFO ] 2023-01-12 16:28:32.467 [main] Log - Opened chrome browser
[INFO ] 2023-01-12 16:28:32.499 [main] Log - Window is maximized
[INFO ] 2023-01-12 16:28:40.515 [main] Log - Opened URL is  https://pulse-stage.projectai.com/login
[INFO ] 2023-01-12 16:28:40.637 [main] Log - Text in the element is [[ChromeDriver: chrome on WINDOWS (8e481247af61b2e19261b38caf7a1fe3)] -> xpath: //input[@name='username']]is cleared
[INFO ] 2023-01-12 16:28:40.704 [main] Log - Cliked on textbox [[ChromeDriver: chrome on WINDOWS (8e481247af61b2e19261b38caf7a1fe3)] -> xpath: //input[@name='username']]
[INFO ] 2023-01-12 16:28:40.821 [main] Log - Entered text on [[ChromeDriver: chrome on WINDOWS (8e481247af61b2e19261b38caf7a1fe3)] -> xpath: //input[@name='username']] text
[INFO ] 2023-01-12 16:28:40.869 [main] Log - Text in the element is [[ChromeDriver: chrome on WINDOWS (8e481247af61b2e19261b38caf7a1fe3)] -> xpath: //input[@name='password']]is cleared
[INFO ] 2023-01-12 16:28:40.935 [main] Log - Cliked on textbox [[ChromeDriver: chrome on WINDOWS (8e481247af61b2e19261b38caf7a1fe3)] -> xpath: //input[@name='password']]
[INFO ] 2023-01-12 16:28:41.010 [main] Log - Entered text on [[ChromeDriver: chrome on WINDOWS (8e481247af61b2e19261b38caf7a1fe3)] -> xpath: //input[@name='password']] text
[INFO ] 2023-01-12 16:28:41.069 [main] Log - wait for until element [[ChromeDriver: chrome on WINDOWS (8e481247af61b2e19261b38caf7a1fe3)] -> xpath: //button[normalize-space()='Sign In']]is visible
[INFO ] 2023-01-12 16:28:41.132 [main] Log - Clicked on element [[ChromeDriver: chrome on WINDOWS (8e481247af61b2e19261b38caf7a1fe3)] -> xpath: //button[normalize-space()='Sign In']]
[INFO ] 2023-01-12 16:28:46.206 [main] Log - wait for until element [[ChromeDriver: chrome on WINDOWS (8e481247af61b2e19261b38caf7a1fe3)] -> xpath: //span[@class='_3JU2f9K7FBTWn0MXSKilJa']]is visible
