[INFO ] 2023-02-09 10:26:14.593 [main] Log - LoginPage Test is starting. 
[ERROR] 2023-02-09 10:26:15.030 [main] Log - LoginPageTest is failed
[INFO ] 2023-02-09 10:26:15.100 [main] Log - I am on finish method testng
[INFO ] 2023-02-09 11:10:00.205 [main] Log - Opened  browser
[INFO ] 2023-02-09 11:10:00.590 [main] Log - LoginPage Test is starting. 
[ERROR] 2023-02-09 11:10:00.592 [main] Log - LoginPageTest is failed
[INFO ] 2023-02-09 11:10:00.654 [main] Log - I am on finish method testng
[INFO ] 2023-02-09 11:26:57.054 [main] Log - chrome browser selected
[INFO ] 2023-02-09 11:26:57.421 [main] Log - LoginPage Test is starting. 
[ERROR] 2023-02-09 11:26:57.423 [main] Log - LoginPageTest is failed
[INFO ] 2023-02-09 11:26:57.511 [main] Log - I am on finish method testng
[INFO ] 2023-02-09 11:28:11.168 [main] Log - chrome browser selected
[INFO ] 2023-02-09 11:28:11.421 [main] Log - Opened chrome browser
[INFO ] 2023-02-09 11:28:11.437 [main] Log - Window is maximized
[INFO ] 2023-02-09 11:28:20.248 [main] Log - Opened URL is  https://pulse-stage.projectai.com/login
[INFO ] 2023-02-09 11:28:20.277 [main] Log - LoginPage Test is starting. 
[INFO ] 2023-02-09 11:28:20.384 [main] Log - Text in the element is [[ChromeDriver: chrome on WINDOWS (683444fc89b24dae49d3effa2a254e16)] -> xpath: //input[@name='username']]is cleared
[INFO ] 2023-02-09 11:28:20.457 [main] Log - Cliked on textbox [[ChromeDriver: chrome on WINDOWS (683444fc89b24dae49d3effa2a254e16)] -> xpath: //input[@name='username']]
[INFO ] 2023-02-09 11:28:20.556 [main] Log - Entered text on [[ChromeDriver: chrome on WINDOWS (683444fc89b24dae49d3effa2a254e16)] -> xpath: //input[@name='username']] text
[INFO ] 2023-02-09 11:28:20.603 [main] Log - Text in the element is [[ChromeDriver: chrome on WINDOWS (683444fc89b24dae49d3effa2a254e16)] -> xpath: //input[@name='password']]is cleared
[INFO ] 2023-02-09 11:28:20.659 [main] Log - Cliked on textbox [[ChromeDriver: chrome on WINDOWS (683444fc89b24dae49d3effa2a254e16)] -> xpath: //input[@name='password']]
[INFO ] 2023-02-09 11:28:20.713 [main] Log - Entered text on [[ChromeDriver: chrome on WINDOWS (683444fc89b24dae49d3effa2a254e16)] -> xpath: //input[@name='password']] text
[INFO ] 2023-02-09 11:28:20.767 [main] Log - wait for until element [[ChromeDriver: chrome on WINDOWS (683444fc89b24dae49d3effa2a254e16)] -> xpath: //button[normalize-space()='Sign In']]is visible
[INFO ] 2023-02-09 11:28:20.827 [main] Log - Clicked on element [[ChromeDriver: chrome on WINDOWS (683444fc89b24dae49d3effa2a254e16)] -> xpath: //button[normalize-space()='Sign In']]
[INFO ] 2023-02-09 11:28:25.845 [main] Log - LoginPageTest is passed
[INFO ] 2023-02-09 11:28:25.846 [main] Log - LoginPage com.blazeclan.qa.test.testng.LoginTest b7b24cbb-45fd-48a4-b436-91d2f3e420ae []
[INFO ] 2023-02-09 11:28:26.037 [main] Log - AboutMe Test is starting. 
[INFO ] 2023-02-09 11:28:31.120 [main] Log - wait for until element [[ChromeDriver: chrome on WINDOWS (683444fc89b24dae49d3effa2a254e16)] -> xpath: //body/div[@id='root']/div[1]/div[1]/div[1]/div[2]/div[1]/div[2]/div[1]/div[1]/div[1]/nav[1]/ul[1]/li[1]/div[1]/span[3]]is visible
[INFO ] 2023-02-09 11:28:31.211 [main] Log - Clicked on element [[ChromeDriver: chrome on WINDOWS (683444fc89b24dae49d3effa2a254e16)] -> xpath: //body/div[@id='root']/div[1]/div[1]/div[1]/div[2]/div[1]/div[2]/div[1]/div[1]/div[1]/nav[1]/ul[1]/li[1]/div[1]/span[3]]
[INFO ] 2023-02-09 11:28:31.257 [main] Log - wait for until element [[ChromeDriver: chrome on WINDOWS (683444fc89b24dae49d3effa2a254e16)] -> xpath: //span[contains(text(),'South32 Brownfields')]]is visible
[INFO ] 2023-02-09 11:28:31.333 [main] Log - Clicked on element [[ChromeDriver: chrome on WINDOWS (683444fc89b24dae49d3effa2a254e16)] -> xpath: //span[contains(text(),'South32 Brownfields')]]
[INFO ] 2023-02-09 11:28:36.728 [main] Log - wait for until element [[ChromeDriver: chrome on WINDOWS (683444fc89b24dae49d3effa2a254e16)] -> xpath: //body/div[2]/div[3]/div[1]/div[1]/button[1]/span[1]/*[1]]is visible
[INFO ] 2023-02-09 11:28:36.780 [main] Log - Clicked on element [[ChromeDriver: chrome on WINDOWS (683444fc89b24dae49d3effa2a254e16)] -> xpath: //body/div[2]/div[3]/div[1]/div[1]/button[1]/span[1]/*[1]]
[INFO ] 2023-02-09 11:28:36.833 [main] Log - wait for until element [[ChromeDriver: chrome on WINDOWS (683444fc89b24dae49d3effa2a254e16)] -> xpath: //span[contains(text(),'About Me')]]is visible
[ERROR] 2023-02-09 11:28:38.003 [main] Log - AboutMeTest is failed
[INFO ] 2023-02-09 11:28:38.228 [main] Log - I am on finish method testng
[INFO ] 2023-02-09 12:00:53.517 [main] Log - chrome browser selected
[INFO ] 2023-02-09 12:00:53.802 [main] Log - Opened chrome browser
[INFO ] 2023-02-09 12:00:53.944 [main] Log - Window is maximized
[INFO ] 2023-02-09 12:01:01.149 [main] Log - Opened URL is  https://pulse-stage.projectai.com/login
[INFO ] 2023-02-09 12:01:01.178 [main] Log - LoginPage Test is starting. 
[INFO ] 2023-02-09 12:01:01.271 [main] Log - Text in the element is [[ChromeDriver: chrome on WINDOWS (27ae35a9b6be56b79f2b090e24498e70)] -> xpath: //input[@name='username']]is cleared
[INFO ] 2023-02-09 12:01:01.330 [main] Log - Cliked on textbox [[ChromeDriver: chrome on WINDOWS (27ae35a9b6be56b79f2b090e24498e70)] -> xpath: //input[@name='username']]
[INFO ] 2023-02-09 12:01:01.417 [main] Log - Entered text on [[ChromeDriver: chrome on WINDOWS (27ae35a9b6be56b79f2b090e24498e70)] -> xpath: //input[@name='username']] text
[INFO ] 2023-02-09 12:01:01.459 [main] Log - Text in the element is [[ChromeDriver: chrome on WINDOWS (27ae35a9b6be56b79f2b090e24498e70)] -> xpath: //input[@name='password']]is cleared
[INFO ] 2023-02-09 12:01:01.511 [main] Log - Cliked on textbox [[ChromeDriver: chrome on WINDOWS (27ae35a9b6be56b79f2b090e24498e70)] -> xpath: //input[@name='password']]
[INFO ] 2023-02-09 12:01:01.562 [main] Log - Entered text on [[ChromeDriver: chrome on WINDOWS (27ae35a9b6be56b79f2b090e24498e70)] -> xpath: //input[@name='password']] text
[INFO ] 2023-02-09 12:01:01.609 [main] Log - wait for until element [[ChromeDriver: chrome on WINDOWS (27ae35a9b6be56b79f2b090e24498e70)] -> xpath: //button[normalize-space()='Sign In']]is visible
[INFO ] 2023-02-09 12:01:01.662 [main] Log - Clicked on element [[ChromeDriver: chrome on WINDOWS (27ae35a9b6be56b79f2b090e24498e70)] -> xpath: //button[normalize-space()='Sign In']]
[INFO ] 2023-02-09 12:01:06.696 [main] Log - LoginPageTest is passed
[INFO ] 2023-02-09 12:01:06.697 [main] Log - LoginPage com.blazeclan.qa.test.testng.LoginTest 6ad0672e-18ec-4a95-b1a3-085e6b3d8d97 []
[INFO ] 2023-02-09 12:01:06.899 [main] Log - AboutMe Test is starting. 
[INFO ] 2023-02-09 12:01:11.950 [main] Log - wait for until element [[ChromeDriver: chrome on WINDOWS (27ae35a9b6be56b79f2b090e24498e70)] -> xpath: //body/div[@id='root']/div[1]/div[1]/div[1]/div[2]/div[1]/div[2]/div[1]/div[1]/div[1]/nav[1]/ul[1]/li[1]/div[1]/span[3]]is visible
[INFO ] 2023-02-09 12:01:12.031 [main] Log - Clicked on element [[ChromeDriver: chrome on WINDOWS (27ae35a9b6be56b79f2b090e24498e70)] -> xpath: //body/div[@id='root']/div[1]/div[1]/div[1]/div[2]/div[1]/div[2]/div[1]/div[1]/div[1]/nav[1]/ul[1]/li[1]/div[1]/span[3]]
[INFO ] 2023-02-09 12:01:12.071 [main] Log - wait for until element [[ChromeDriver: chrome on WINDOWS (27ae35a9b6be56b79f2b090e24498e70)] -> xpath: //span[contains(text(),'South32 Brownfields')]]is visible
[INFO ] 2023-02-09 12:01:12.137 [main] Log - Clicked on element [[ChromeDriver: chrome on WINDOWS (27ae35a9b6be56b79f2b090e24498e70)] -> xpath: //span[contains(text(),'South32 Brownfields')]]
[INFO ] 2023-02-09 12:01:17.690 [main] Log - wait for until element [[ChromeDriver: chrome on WINDOWS (27ae35a9b6be56b79f2b090e24498e70)] -> xpath: //body/div[2]/div[3]/div[1]/div[1]/button[1]/span[1]/*[1]]is visible
[INFO ] 2023-02-09 12:01:17.753 [main] Log - Clicked on element [[ChromeDriver: chrome on WINDOWS (27ae35a9b6be56b79f2b090e24498e70)] -> xpath: //body/div[2]/div[3]/div[1]/div[1]/button[1]/span[1]/*[1]]
[INFO ] 2023-02-09 12:01:17.802 [main] Log - wait for until element [[ChromeDriver: chrome on WINDOWS (27ae35a9b6be56b79f2b090e24498e70)] -> xpath: //span[contains(text(),'About Me')]]is visible
[ERROR] 2023-02-09 12:01:18.886 [main] Log - AboutMeTest is failed
[INFO ] 2023-02-09 12:01:19.138 [main] Log - I am on finish method testng
[INFO ] 2023-02-09 12:06:44.084 [main] Log - LoginPage Test is starting. 
[ERROR] 2023-02-09 12:06:44.346 [main] Log - LoginPageTest is failed
[INFO ] 2023-02-09 12:06:44.399 [main] Log - I am on finish method testng
[INFO ] 2023-02-09 12:10:49.234 [main] Log - chrome browser selected
[INFO ] 2023-02-09 12:10:49.477 [main] Log - Opened chrome browser
[INFO ] 2023-02-09 12:10:49.491 [main] Log - Window is maximized
[INFO ] 2023-02-09 12:10:57.054 [main] Log - Opened URL is  https://pulse-stage.projectai.com/login
[INFO ] 2023-02-09 12:10:57.098 [main] Log - LoginPage Test is starting. 
[INFO ] 2023-02-09 12:10:57.220 [main] Log - Text in the element is [[ChromeDriver: chrome on WINDOWS (2958853aad28d7f1dddd5d266b5b6157)] -> xpath: //input[@name='username']]is cleared
[INFO ] 2023-02-09 12:10:57.289 [main] Log - Cliked on textbox [[ChromeDriver: chrome on WINDOWS (2958853aad28d7f1dddd5d266b5b6157)] -> xpath: //input[@name='username']]
[INFO ] 2023-02-09 12:10:57.386 [main] Log - Entered text on [[ChromeDriver: chrome on WINDOWS (2958853aad28d7f1dddd5d266b5b6157)] -> xpath: //input[@name='username']] text
[INFO ] 2023-02-09 12:10:57.431 [main] Log - Text in the element is [[ChromeDriver: chrome on WINDOWS (2958853aad28d7f1dddd5d266b5b6157)] -> xpath: //input[@name='password']]is cleared
[INFO ] 2023-02-09 12:10:57.493 [main] Log - Cliked on textbox [[ChromeDriver: chrome on WINDOWS (2958853aad28d7f1dddd5d266b5b6157)] -> xpath: //input[@name='password']]
[INFO ] 2023-02-09 12:10:57.548 [main] Log - Entered text on [[ChromeDriver: chrome on WINDOWS (2958853aad28d7f1dddd5d266b5b6157)] -> xpath: //input[@name='password']] text
[INFO ] 2023-02-09 12:10:57.600 [main] Log - wait for until element [[ChromeDriver: chrome on WINDOWS (2958853aad28d7f1dddd5d266b5b6157)] -> xpath: //button[normalize-space()='Sign In']]is visible
[INFO ] 2023-02-09 12:10:57.653 [main] Log - Clicked on element [[ChromeDriver: chrome on WINDOWS (2958853aad28d7f1dddd5d266b5b6157)] -> xpath: //button[normalize-space()='Sign In']]
[INFO ] 2023-02-09 12:11:02.679 [main] Log - LoginPageTest is passed
[INFO ] 2023-02-09 12:11:02.680 [main] Log - LoginPage com.blazeclan.qa.test.testng.LoginTest 404791f0-bd87-47e6-902a-cf116110164c []
[INFO ] 2023-02-09 12:11:02.874 [main] Log - AboutMe Test is starting. 
[INFO ] 2023-02-09 12:11:07.955 [main] Log - wait for until element [[ChromeDriver: chrome on WINDOWS (2958853aad28d7f1dddd5d266b5b6157)] -> xpath: //body/div[@id='root']/div[1]/div[1]/div[1]/div[2]/div[1]/div[2]/div[1]/div[1]/div[1]/nav[1]/ul[1]/li[1]/div[1]/span[3]]is visible
[INFO ] 2023-02-09 12:11:08.040 [main] Log - Clicked on element [[ChromeDriver: chrome on WINDOWS (2958853aad28d7f1dddd5d266b5b6157)] -> xpath: //body/div[@id='root']/div[1]/div[1]/div[1]/div[2]/div[1]/div[2]/div[1]/div[1]/div[1]/nav[1]/ul[1]/li[1]/div[1]/span[3]]
[INFO ] 2023-02-09 12:11:08.089 [main] Log - wait for until element [[ChromeDriver: chrome on WINDOWS (2958853aad28d7f1dddd5d266b5b6157)] -> xpath: //span[contains(text(),'South32 Brownfields')]]is visible
[INFO ] 2023-02-09 12:11:08.161 [main] Log - Clicked on element [[ChromeDriver: chrome on WINDOWS (2958853aad28d7f1dddd5d266b5b6157)] -> xpath: //span[contains(text(),'South32 Brownfields')]]
[INFO ] 2023-02-09 12:11:14.055 [main] Log - wait for until element [[ChromeDriver: chrome on WINDOWS (2958853aad28d7f1dddd5d266b5b6157)] -> xpath: //body/div[2]/div[3]/div[1]/div[1]/button[1]/span[1]/*[1]]is visible
[INFO ] 2023-02-09 12:11:14.118 [main] Log - Clicked on element [[ChromeDriver: chrome on WINDOWS (2958853aad28d7f1dddd5d266b5b6157)] -> xpath: //body/div[2]/div[3]/div[1]/div[1]/button[1]/span[1]/*[1]]
[INFO ] 2023-02-09 12:11:14.204 [main] Log - wait for until element [[ChromeDriver: chrome on WINDOWS (2958853aad28d7f1dddd5d266b5b6157)] -> xpath: //span[contains(text(),'About Me')]]is visible
[ERROR] 2023-02-09 12:11:15.318 [main] Log - AboutMeTest is failed
[INFO ] 2023-02-09 12:11:15.541 [main] Log - I am on finish method testng
[INFO ] 2023-02-09 12:30:36.753 [main] Log - chrome browser selected
[INFO ] 2023-02-09 12:30:37.154 [main] Log - Opened chrome browser
[INFO ] 2023-02-09 12:30:37.300 [main] Log - Window is maximized
[INFO ] 2023-02-09 12:30:45.921 [main] Log - Opened URL is  https://pulse-stage.projectai.com/login
[INFO ] 2023-02-09 12:30:45.969 [main] Log - LoginPage Test is starting. 
[INFO ] 2023-02-09 12:30:46.084 [main] Log - Text in the element is [[ChromeDriver: chrome on WINDOWS (bf367383156420c558c6b99967565c24)] -> xpath: //input[@name='username']]is cleared
[INFO ] 2023-02-09 12:30:46.161 [main] Log - Cliked on textbox [[ChromeDriver: chrome on WINDOWS (bf367383156420c558c6b99967565c24)] -> xpath: //input[@name='username']]
[INFO ] 2023-02-09 12:30:46.300 [main] Log - Entered text on [[ChromeDriver: chrome on WINDOWS (bf367383156420c558c6b99967565c24)] -> xpath: //input[@name='username']] text
[INFO ] 2023-02-09 12:30:46.346 [main] Log - Text in the element is [[ChromeDriver: chrome on WINDOWS (bf367383156420c558c6b99967565c24)] -> xpath: //input[@name='password']]is cleared
[INFO ] 2023-02-09 12:30:46.403 [main] Log - Cliked on textbox [[ChromeDriver: chrome on WINDOWS (bf367383156420c558c6b99967565c24)] -> xpath: //input[@name='password']]
[INFO ] 2023-02-09 12:30:46.485 [main] Log - Entered text on [[ChromeDriver: chrome on WINDOWS (bf367383156420c558c6b99967565c24)] -> xpath: //input[@name='password']] text
[INFO ] 2023-02-09 12:30:46.554 [main] Log - wait for until element [[ChromeDriver: chrome on WINDOWS (bf367383156420c558c6b99967565c24)] -> xpath: //button[normalize-space()='Sign In']]is visible
[INFO ] 2023-02-09 12:30:46.640 [main] Log - Clicked on element [[ChromeDriver: chrome on WINDOWS (bf367383156420c558c6b99967565c24)] -> xpath: //button[normalize-space()='Sign In']]
[INFO ] 2023-02-09 12:30:51.664 [main] Log - LoginPageTest is passed
[INFO ] 2023-02-09 12:30:51.665 [main] Log - LoginPage com.blazeclan.qa.test.testng.LoginTest 1e82b7ca-c225-41e0-8098-db0942ed3cc5 []
[INFO ] 2023-02-09 12:30:51.929 [main] Log - AboutMe Test is starting. 
[INFO ] 2023-02-09 12:30:56.994 [main] Log - wait for until element [[ChromeDriver: chrome on WINDOWS (bf367383156420c558c6b99967565c24)] -> xpath: //body/div[@id='root']/div[1]/div[1]/div[1]/div[2]/div[1]/div[2]/div[1]/div[1]/div[1]/nav[1]/ul[1]/li[1]/div[1]/span[3]]is visible
[INFO ] 2023-02-09 12:30:57.117 [main] Log - Clicked on element [[ChromeDriver: chrome on WINDOWS (bf367383156420c558c6b99967565c24)] -> xpath: //body/div[@id='root']/div[1]/div[1]/div[1]/div[2]/div[1]/div[2]/div[1]/div[1]/div[1]/nav[1]/ul[1]/li[1]/div[1]/span[3]]
[INFO ] 2023-02-09 12:30:57.231 [main] Log - wait for until element [[ChromeDriver: chrome on WINDOWS (bf367383156420c558c6b99967565c24)] -> xpath: //span[contains(text(),'South32 Brownfields')]]is visible
[INFO ] 2023-02-09 12:30:57.412 [main] Log - Clicked on element [[ChromeDriver: chrome on WINDOWS (bf367383156420c558c6b99967565c24)] -> xpath: //span[contains(text(),'South32 Brownfields')]]
[INFO ] 2023-02-09 12:31:06.794 [main] Log - wait for until element [[ChromeDriver: chrome on WINDOWS (bf367383156420c558c6b99967565c24)] -> xpath: //body/div[2]/div[3]/div[1]/div[1]/button[1]/span[1]/*[1]]is visible
[INFO ] 2023-02-09 12:31:06.903 [main] Log - Clicked on element [[ChromeDriver: chrome on WINDOWS (bf367383156420c558c6b99967565c24)] -> xpath: //body/div[2]/div[3]/div[1]/div[1]/button[1]/span[1]/*[1]]
[INFO ] 2023-02-09 12:31:06.989 [main] Log - wait for until element [[ChromeDriver: chrome on WINDOWS (bf367383156420c558c6b99967565c24)] -> xpath: //span[contains(text(),'About Me')]]is visible
[ERROR] 2023-02-09 12:31:08.210 [main] Log - AboutMeTest is failed
[INFO ] 2023-02-09 12:31:08.644 [main] Log - I am on finish method testng
[INFO ] 2023-02-09 14:52:44.414 [main] Log - chrome browser selected
[INFO ] 2023-02-09 14:52:45.050 [main] Log - Opened chrome browser
[INFO ] 2023-02-09 14:52:45.221 [main] Log - Window is maximized
[INFO ] 2023-02-09 14:52:58.193 [main] Log - Opened URL is  https://pulse-stage.projectai.com/login
[INFO ] 2023-02-09 14:52:58.255 [main] Log - LoginPage Test is starting. 
[INFO ] 2023-02-09 14:52:58.439 [main] Log - Text in the element is [[ChromeDriver: chrome on WINDOWS (8a5b914a8b16d696244c01f9342fc064)] -> xpath: //input[@name='username']]is cleared
[INFO ] 2023-02-09 14:52:58.553 [main] Log - Cliked on textbox [[ChromeDriver: chrome on WINDOWS (8a5b914a8b16d696244c01f9342fc064)] -> xpath: //input[@name='username']]
[INFO ] 2023-02-09 14:52:58.787 [main] Log - Entered text on [[ChromeDriver: chrome on WINDOWS (8a5b914a8b16d696244c01f9342fc064)] -> xpath: //input[@name='username']] text
[INFO ] 2023-02-09 14:52:58.901 [main] Log - Text in the element is [[ChromeDriver: chrome on WINDOWS (8a5b914a8b16d696244c01f9342fc064)] -> xpath: //input[@name='password']]is cleared
[INFO ] 2023-02-09 14:52:58.998 [main] Log - Cliked on textbox [[ChromeDriver: chrome on WINDOWS (8a5b914a8b16d696244c01f9342fc064)] -> xpath: //input[@name='password']]
[INFO ] 2023-02-09 14:52:59.122 [main] Log - Entered text on [[ChromeDriver: chrome on WINDOWS (8a5b914a8b16d696244c01f9342fc064)] -> xpath: //input[@name='password']] text
[INFO ] 2023-02-09 14:52:59.252 [main] Log - wait for until element [[ChromeDriver: chrome on WINDOWS (8a5b914a8b16d696244c01f9342fc064)] -> xpath: //button[normalize-space()='Sign In']]is visible
[INFO ] 2023-02-09 14:52:59.374 [main] Log - Clicked on element [[ChromeDriver: chrome on WINDOWS (8a5b914a8b16d696244c01f9342fc064)] -> xpath: //button[normalize-space()='Sign In']]
[INFO ] 2023-02-09 14:53:04.411 [main] Log - LoginPageTest is passed
[INFO ] 2023-02-09 14:53:04.413 [main] Log - LoginPage com.blazeclan.qa.test.testng.LoginTest 317d156f-16ae-435b-a91e-86983160ef0d []
[INFO ] 2023-02-09 14:53:04.687 [main] Log - AboutMe Test is starting. 
[INFO ] 2023-02-09 14:53:09.770 [main] Log - wait for until element [[ChromeDriver: chrome on WINDOWS (8a5b914a8b16d696244c01f9342fc064)] -> xpath: //body/div[@id='root']/div[1]/div[1]/div[1]/div[2]/div[1]/div[2]/div[1]/div[1]/div[1]/nav[1]/ul[1]/li[1]/div[1]/span[3]]is visible
[INFO ] 2023-02-09 14:53:09.927 [main] Log - Clicked on element [[ChromeDriver: chrome on WINDOWS (8a5b914a8b16d696244c01f9342fc064)] -> xpath: //body/div[@id='root']/div[1]/div[1]/div[1]/div[2]/div[1]/div[2]/div[1]/div[1]/div[1]/nav[1]/ul[1]/li[1]/div[1]/span[3]]
[INFO ] 2023-02-09 14:53:10.552 [main] Log - wait for until element [[ChromeDriver: chrome on WINDOWS (8a5b914a8b16d696244c01f9342fc064)] -> xpath: //span[contains(text(),'South32 Brownfields')]]is visible
[INFO ] 2023-02-09 14:53:10.660 [main] Log - Clicked on element [[ChromeDriver: chrome on WINDOWS (8a5b914a8b16d696244c01f9342fc064)] -> xpath: //span[contains(text(),'South32 Brownfields')]]
[INFO ] 2023-02-09 14:53:20.800 [main] Log - wait for until element [[ChromeDriver: chrome on WINDOWS (8a5b914a8b16d696244c01f9342fc064)] -> xpath: //body/div[2]/div[3]/div[1]/div[1]/button[1]/span[1]/*[1]]is visible
[INFO ] 2023-02-09 14:53:21.035 [main] Log - Clicked on element [[ChromeDriver: chrome on WINDOWS (8a5b914a8b16d696244c01f9342fc064)] -> xpath: //body/div[2]/div[3]/div[1]/div[1]/button[1]/span[1]/*[1]]
[INFO ] 2023-02-09 14:53:21.204 [main] Log - wait for until element [[ChromeDriver: chrome on WINDOWS (8a5b914a8b16d696244c01f9342fc064)] -> xpath: //span[contains(text(),'About Me')]]is visible
[ERROR] 2023-02-09 14:53:22.426 [main] Log - AboutMeTest is failed
[INFO ] 2023-02-09 14:53:22.876 [main] Log - I am on finish method testng
[INFO ] 2023-02-09 15:07:25.378 [main] Log - chrome browser selected
[INFO ] 2023-02-09 15:07:25.694 [main] Log - Opened chrome browser
[INFO ] 2023-02-09 15:07:25.834 [main] Log - Window is maximized
[INFO ] 2023-02-09 15:07:33.134 [main] Log - Opened URL is  https://pulse-stage.projectai.com/login
[INFO ] 2023-02-09 15:07:33.167 [main] Log - LoginPage Test is starting. 
[INFO ] 2023-02-09 15:07:33.252 [main] Log - Text in the element is [[ChromeDriver: chrome on WINDOWS (5ade1b7e4db4038dfc6ef79a459d0b0f)] -> xpath: //input[@name='username']]is cleared
[INFO ] 2023-02-09 15:07:33.304 [main] Log - Cliked on textbox [[ChromeDriver: chrome on WINDOWS (5ade1b7e4db4038dfc6ef79a459d0b0f)] -> xpath: //input[@name='username']]
[INFO ] 2023-02-09 15:07:33.410 [main] Log - Entered text on [[ChromeDriver: chrome on WINDOWS (5ade1b7e4db4038dfc6ef79a459d0b0f)] -> xpath: //input[@name='username']] text
[INFO ] 2023-02-09 15:07:33.464 [main] Log - Text in the element is [[ChromeDriver: chrome on WINDOWS (5ade1b7e4db4038dfc6ef79a459d0b0f)] -> xpath: //input[@name='password']]is cleared
[INFO ] 2023-02-09 15:07:33.526 [main] Log - Cliked on textbox [[ChromeDriver: chrome on WINDOWS (5ade1b7e4db4038dfc6ef79a459d0b0f)] -> xpath: //input[@name='password']]
[INFO ] 2023-02-09 15:07:33.602 [main] Log - Entered text on [[ChromeDriver: chrome on WINDOWS (5ade1b7e4db4038dfc6ef79a459d0b0f)] -> xpath: //input[@name='password']] text
[INFO ] 2023-02-09 15:07:33.649 [main] Log - wait for until element [[ChromeDriver: chrome on WINDOWS (5ade1b7e4db4038dfc6ef79a459d0b0f)] -> xpath: //button[normalize-space()='Sign In']]is visible
[INFO ] 2023-02-09 15:07:33.703 [main] Log - Clicked on element [[ChromeDriver: chrome on WINDOWS (5ade1b7e4db4038dfc6ef79a459d0b0f)] -> xpath: //button[normalize-space()='Sign In']]
[INFO ] 2023-02-09 15:07:38.718 [main] Log - LoginPageTest is passed
[INFO ] 2023-02-09 15:07:38.720 [main] Log - LoginPage com.blazeclan.qa.test.testng.LoginTest d38c9636-6620-49ab-8d98-dd71286bd8fc []
[INFO ] 2023-02-09 15:07:38.939 [main] Log - Logout Test is starting. 
[INFO ] 2023-02-09 15:07:38.988 [main] Log - wait for until element [[ChromeDriver: chrome on WINDOWS (5ade1b7e4db4038dfc6ef79a459d0b0f)] -> xpath: //span[@class='_3JU2f9K7FBTWn0MXSKilJa']]is visible
[INFO ] 2023-02-09 15:07:39.045 [main] Log - Clicked on element [[ChromeDriver: chrome on WINDOWS (5ade1b7e4db4038dfc6ef79a459d0b0f)] -> xpath: //span[@class='_3JU2f9K7FBTWn0MXSKilJa']]
[INFO ] 2023-02-09 15:07:42.106 [main] Log - wait for until element [[ChromeDriver: chrome on WINDOWS (5ade1b7e4db4038dfc6ef79a459d0b0f)] -> xpath: //a[normalize-space()='Log Out']]is visible
[INFO ] 2023-02-09 15:07:44.846 [main] Log - Clicked on element Proxy element for: DefaultElementLocator 'By.xpath: //a[normalize-space()='Log Out']'
[INFO ] 2023-02-09 15:07:44.848 [main] Log - LogoutTest is passed
[INFO ] 2023-02-09 15:07:44.848 [main] Log - Logout com.blazeclan.qa.test.testng.LogoutTest 20d1fcf4-4128-4e06-b965-1393c1780073 []
[INFO ] 2023-02-09 15:07:45.138 [main] Log - I am on finish method testng
[INFO ] 2023-02-09 15:39:02.746 [main] Log - chrome browser selected
[INFO ] 2023-02-09 15:39:03.348 [main] Log - Opened chrome browser
[INFO ] 2023-02-09 15:39:03.546 [main] Log - Window is maximized
[INFO ] 2023-02-09 15:39:10.984 [main] Log - Opened URL is  https://pulse-stage.projectai.com/login
[INFO ] 2023-02-09 15:39:11.035 [main] Log - LoginPage Test is starting. 
[INFO ] 2023-02-09 15:39:11.184 [main] Log - Text in the element is [[ChromeDriver: chrome on WINDOWS (76ed5fed6eb44ed5b5474aad5781b6c0)] -> xpath: //input[@name='username']]is cleared
[INFO ] 2023-02-09 15:39:11.294 [main] Log - Cliked on textbox [[ChromeDriver: chrome on WINDOWS (76ed5fed6eb44ed5b5474aad5781b6c0)] -> xpath: //input[@name='username']]
[INFO ] 2023-02-09 15:39:11.495 [main] Log - Entered text on [[ChromeDriver: chrome on WINDOWS (76ed5fed6eb44ed5b5474aad5781b6c0)] -> xpath: //input[@name='username']] text
[INFO ] 2023-02-09 15:39:11.582 [main] Log - Text in the element is [[ChromeDriver: chrome on WINDOWS (76ed5fed6eb44ed5b5474aad5781b6c0)] -> xpath: //input[@name='password']]is cleared
[INFO ] 2023-02-09 15:39:11.678 [main] Log - Cliked on textbox [[ChromeDriver: chrome on WINDOWS (76ed5fed6eb44ed5b5474aad5781b6c0)] -> xpath: //input[@name='password']]
[INFO ] 2023-02-09 15:39:11.781 [main] Log - Entered text on [[ChromeDriver: chrome on WINDOWS (76ed5fed6eb44ed5b5474aad5781b6c0)] -> xpath: //input[@name='password']] text
[INFO ] 2023-02-09 15:39:11.869 [main] Log - wait for until element [[ChromeDriver: chrome on WINDOWS (76ed5fed6eb44ed5b5474aad5781b6c0)] -> xpath: //button[normalize-space()='Sign In']]is visible
[INFO ] 2023-02-09 15:39:11.964 [main] Log - Clicked on element [[ChromeDriver: chrome on WINDOWS (76ed5fed6eb44ed5b5474aad5781b6c0)] -> xpath: //button[normalize-space()='Sign In']]
[INFO ] 2023-02-09 15:39:17.002 [main] Log - LoginPageTest is passed
[INFO ] 2023-02-09 15:39:17.004 [main] Log - LoginPage com.blazeclan.qa.test.testng.LoginTest a84e5b06-bb3e-486a-8eef-84bd4e29d3a5 []
[INFO ] 2023-02-09 15:39:17.307 [main] Log - Logout Test is starting. 
[INFO ] 2023-02-09 15:39:17.387 [main] Log - wait for until element [[ChromeDriver: chrome on WINDOWS (76ed5fed6eb44ed5b5474aad5781b6c0)] -> xpath: //span[@class='_3JU2f9K7FBTWn0MXSKilJa']]is visible
[INFO ] 2023-02-09 15:39:17.471 [main] Log - Clicked on element [[ChromeDriver: chrome on WINDOWS (76ed5fed6eb44ed5b5474aad5781b6c0)] -> xpath: //span[@class='_3JU2f9K7FBTWn0MXSKilJa']]
[INFO ] 2023-02-09 15:39:20.545 [main] Log - wait for until element [[ChromeDriver: chrome on WINDOWS (76ed5fed6eb44ed5b5474aad5781b6c0)] -> xpath: //a[normalize-space()='Log Out']]is visible
[INFO ] 2023-02-09 15:39:22.796 [main] Log - Clicked on element Proxy element for: DefaultElementLocator 'By.xpath: //a[normalize-space()='Log Out']'
[INFO ] 2023-02-09 15:39:22.799 [main] Log - LogoutTest is passed
[INFO ] 2023-02-09 15:39:22.800 [main] Log - Logout com.blazeclan.qa.test.testng.LogoutTest b5331a2f-7c1a-40b6-8926-f89134873d9f []
[INFO ] 2023-02-09 15:39:24.502 [main] Log - I am on finish method testng
[INFO ] 2023-02-09 15:48:02.222 [main] Log - chrome browser selected
[INFO ] 2023-02-09 15:48:02.741 [main] Log - Opened chrome browser
[INFO ] 2023-02-09 15:48:02.901 [main] Log - Window is maximized
[INFO ] 2023-02-09 15:48:09.091 [main] Log - Opened URL is  https://pulse-stage.projectai.com/login
[INFO ] 2023-02-09 15:48:09.146 [main] Log - LoginPage Test is starting. 
[INFO ] 2023-02-09 15:48:09.323 [main] Log - Text in the element is [[ChromeDriver: chrome on WINDOWS (ec3db1e0d1f0736a3cdeca3b0eca4be5)] -> xpath: //input[@name='username']]is cleared
[INFO ] 2023-02-09 15:48:09.445 [main] Log - Cliked on textbox [[ChromeDriver: chrome on WINDOWS (ec3db1e0d1f0736a3cdeca3b0eca4be5)] -> xpath: //input[@name='username']]
[INFO ] 2023-02-09 15:48:09.630 [main] Log - Entered text on [[ChromeDriver: chrome on WINDOWS (ec3db1e0d1f0736a3cdeca3b0eca4be5)] -> xpath: //input[@name='username']] text
[INFO ] 2023-02-09 15:48:09.717 [main] Log - Text in the element is [[ChromeDriver: chrome on WINDOWS (ec3db1e0d1f0736a3cdeca3b0eca4be5)] -> xpath: //input[@name='password']]is cleared
[INFO ] 2023-02-09 15:48:09.838 [main] Log - Cliked on textbox [[ChromeDriver: chrome on WINDOWS (ec3db1e0d1f0736a3cdeca3b0eca4be5)] -> xpath: //input[@name='password']]
[INFO ] 2023-02-09 15:48:09.952 [main] Log - Entered text on [[ChromeDriver: chrome on WINDOWS (ec3db1e0d1f0736a3cdeca3b0eca4be5)] -> xpath: //input[@name='password']] text
[INFO ] 2023-02-09 15:48:10.034 [main] Log - wait for until element [[ChromeDriver: chrome on WINDOWS (ec3db1e0d1f0736a3cdeca3b0eca4be5)] -> xpath: //button[normalize-space()='Sign In']]is visible
[INFO ] 2023-02-09 15:48:10.121 [main] Log - Clicked on element [[ChromeDriver: chrome on WINDOWS (ec3db1e0d1f0736a3cdeca3b0eca4be5)] -> xpath: //button[normalize-space()='Sign In']]
[INFO ] 2023-02-09 15:48:15.142 [main] Log - LoginPageTest is passed
[INFO ] 2023-02-09 15:48:15.143 [main] Log - LoginPage com.blazeclan.qa.test.testng.LoginTest 88266163-7f84-4fdd-b843-e18a91672f04 []
[INFO ] 2023-02-09 15:48:15.452 [main] Log - Logout Test is starting. 
[INFO ] 2023-02-09 15:48:15.519 [main] Log - wait for until element [[ChromeDriver: chrome on WINDOWS (ec3db1e0d1f0736a3cdeca3b0eca4be5)] -> xpath: //span[@class='_3JU2f9K7FBTWn0MXSKilJa']]is visible
[INFO ] 2023-02-09 15:48:15.596 [main] Log - Clicked on element [[ChromeDriver: chrome on WINDOWS (ec3db1e0d1f0736a3cdeca3b0eca4be5)] -> xpath: //span[@class='_3JU2f9K7FBTWn0MXSKilJa']]
[INFO ] 2023-02-09 15:48:18.674 [main] Log - wait for until element [[ChromeDriver: chrome on WINDOWS (ec3db1e0d1f0736a3cdeca3b0eca4be5)] -> xpath: //a[normalize-space()='Log Out']]is visible
[INFO ] 2023-02-09 15:48:20.932 [main] Log - Clicked on element Proxy element for: DefaultElementLocator 'By.xpath: //a[normalize-space()='Log Out']'
[INFO ] 2023-02-09 15:48:20.935 [main] Log - LogoutTest is passed
[INFO ] 2023-02-09 15:48:20.936 [main] Log - Logout com.blazeclan.qa.test.testng.LogoutTest 79d62310-b2c3-446f-823f-2245045925de []
[INFO ] 2023-02-09 15:48:22.576 [main] Log - I am on finish method testng
[INFO ] 2023-02-09 16:14:05.370 [main] Log - chrome browser selected
[INFO ] 2023-02-09 16:14:05.668 [main] Log - Opened chrome browser
[INFO ] 2023-02-09 16:14:05.800 [main] Log - Window is maximized
[INFO ] 2023-02-09 16:14:08.852 [main] Log - Opened URL is  https://pulse-stage.projectai.com/login
[INFO ] 2023-02-09 16:14:08.891 [main] Log - LoginPage Test is starting. 
[INFO ] 2023-02-09 16:14:08.986 [main] Log - Text in the element is [[ChromeDriver: chrome on WINDOWS (fd92c6627e7fc3aaa305602980e7f66f)] -> xpath: //input[@name='username']]is cleared
[INFO ] 2023-02-09 16:14:09.071 [main] Log - Cliked on textbox [[ChromeDriver: chrome on WINDOWS (fd92c6627e7fc3aaa305602980e7f66f)] -> xpath: //input[@name='username']]
[INFO ] 2023-02-09 16:14:09.187 [main] Log - Entered text on [[ChromeDriver: chrome on WINDOWS (fd92c6627e7fc3aaa305602980e7f66f)] -> xpath: //input[@name='username']] text
[INFO ] 2023-02-09 16:14:09.234 [main] Log - Text in the element is [[ChromeDriver: chrome on WINDOWS (fd92c6627e7fc3aaa305602980e7f66f)] -> xpath: //input[@name='password']]is cleared
[INFO ] 2023-02-09 16:14:09.281 [main] Log - Cliked on textbox [[ChromeDriver: chrome on WINDOWS (fd92c6627e7fc3aaa305602980e7f66f)] -> xpath: //input[@name='password']]
[INFO ] 2023-02-09 16:14:09.342 [main] Log - Entered text on [[ChromeDriver: chrome on WINDOWS (fd92c6627e7fc3aaa305602980e7f66f)] -> xpath: //input[@name='password']] text
[INFO ] 2023-02-09 16:14:09.394 [main] Log - wait for until element [[ChromeDriver: chrome on WINDOWS (fd92c6627e7fc3aaa305602980e7f66f)] -> xpath: //button[normalize-space()='Sign In']]is visible
[INFO ] 2023-02-09 16:14:09.445 [main] Log - Clicked on element [[ChromeDriver: chrome on WINDOWS (fd92c6627e7fc3aaa305602980e7f66f)] -> xpath: //button[normalize-space()='Sign In']]
[INFO ] 2023-02-09 16:14:14.468 [main] Log - LoginPageTest is passed
[INFO ] 2023-02-09 16:14:14.468 [main] Log - LoginPage com.blazeclan.qa.test.testng.LoginTest 00604053-4d4f-40b7-a9fa-74b117adf8a7 []
[INFO ] 2023-02-09 16:14:14.771 [main] Log - AboutMe Test is starting. 
[INFO ] 2023-02-09 16:14:19.834 [main] Log - wait for until element [[ChromeDriver: chrome on WINDOWS (fd92c6627e7fc3aaa305602980e7f66f)] -> xpath: //span[contains(text(),'My Projects')]]is visible
[INFO ] 2023-02-09 16:14:19.914 [main] Log - Clicked on element [[ChromeDriver: chrome on WINDOWS (fd92c6627e7fc3aaa305602980e7f66f)] -> xpath: //span[contains(text(),'My Projects')]]
[ERROR] 2023-02-09 16:14:42.257 [main] Log - AboutMeTest is failed
[INFO ] 2023-02-09 16:14:43.680 [main] Log - I am on finish method testng
[INFO ] 2023-02-09 17:15:34.415 [main] Log - chrome browser selected
[INFO ] 2023-02-09 17:15:34.717 [main] Log - Opened chrome browser
[INFO ] 2023-02-09 17:15:34.861 [main] Log - Window is maximized
[INFO ] 2023-02-09 17:15:41.569 [main] Log - Opened URL is  https://pulse-stage.projectai.com/login
[INFO ] 2023-02-09 17:15:41.606 [main] Log - LoginPage Test is starting. 
[INFO ] 2023-02-09 17:15:41.694 [main] Log - Text in the element is [[ChromeDriver: chrome on WINDOWS (b3f2b760a8d5fc087a63f0fb907486a8)] -> xpath: //input[@name='username']]is cleared
[INFO ] 2023-02-09 17:15:41.763 [main] Log - Cliked on textbox [[ChromeDriver: chrome on WINDOWS (b3f2b760a8d5fc087a63f0fb907486a8)] -> xpath: //input[@name='username']]
[INFO ] 2023-02-09 17:15:41.891 [main] Log - Entered text on [[ChromeDriver: chrome on WINDOWS (b3f2b760a8d5fc087a63f0fb907486a8)] -> xpath: //input[@name='username']] text
[INFO ] 2023-02-09 17:15:41.946 [main] Log - Text in the element is [[ChromeDriver: chrome on WINDOWS (b3f2b760a8d5fc087a63f0fb907486a8)] -> xpath: //input[@name='password']]is cleared
[INFO ] 2023-02-09 17:15:42.009 [main] Log - Cliked on textbox [[ChromeDriver: chrome on WINDOWS (b3f2b760a8d5fc087a63f0fb907486a8)] -> xpath: //input[@name='password']]
[INFO ] 2023-02-09 17:15:42.091 [main] Log - Entered text on [[ChromeDriver: chrome on WINDOWS (b3f2b760a8d5fc087a63f0fb907486a8)] -> xpath: //input[@name='password']] text
[INFO ] 2023-02-09 17:15:42.147 [main] Log - wait for until element [[ChromeDriver: chrome on WINDOWS (b3f2b760a8d5fc087a63f0fb907486a8)] -> xpath: //button[normalize-space()='Sign In']]is visible
[INFO ] 2023-02-09 17:15:42.210 [main] Log - Clicked on element [[ChromeDriver: chrome on WINDOWS (b3f2b760a8d5fc087a63f0fb907486a8)] -> xpath: //button[normalize-space()='Sign In']]
[INFO ] 2023-02-09 17:15:47.242 [main] Log - LoginPageTest is passed
[INFO ] 2023-02-09 17:15:47.242 [main] Log - LoginPage com.blazeclan.qa.test.testng.LoginTest b24b8a6a-090a-40b1-b84f-50ab07712777 []
[INFO ] 2023-02-09 17:15:47.479 [main] Log - AboutMe Test is starting. 
[INFO ] 2023-02-09 17:15:52.582 [main] Log - wait for until element [[ChromeDriver: chrome on WINDOWS (b3f2b760a8d5fc087a63f0fb907486a8)] -> xpath: //span[contains(text(),'My Projects')]]is visible
[INFO ] 2023-02-09 17:15:52.730 [main] Log - Clicked on element [[ChromeDriver: chrome on WINDOWS (b3f2b760a8d5fc087a63f0fb907486a8)] -> xpath: //span[contains(text(),'My Projects')]]
[ERROR] 2023-02-09 17:16:15.003 [main] Log - AboutMeTest is failed
[INFO ] 2023-02-09 17:16:15.263 [main] Log - I am on finish method testng
[INFO ] 2023-02-09 17:23:47.872 [main] Log - chrome browser selected
[INFO ] 2023-02-09 17:23:48.145 [main] Log - Opened chrome browser
[INFO ] 2023-02-09 17:23:48.285 [main] Log - Window is maximized
[INFO ] 2023-02-09 17:23:53.938 [main] Log - Opened URL is  https://pulse-stage.projectai.com/login
[INFO ] 2023-02-09 17:23:53.965 [main] Log - LoginPage Test is starting. 
[INFO ] 2023-02-09 17:23:54.043 [main] Log - Text in the element is [[ChromeDriver: chrome on WINDOWS (c9423683b17620f699668d03bb40d303)] -> xpath: //input[@name='username']]is cleared
[INFO ] 2023-02-09 17:23:54.094 [main] Log - Cliked on textbox [[ChromeDriver: chrome on WINDOWS (c9423683b17620f699668d03bb40d303)] -> xpath: //input[@name='username']]
[INFO ] 2023-02-09 17:23:54.209 [main] Log - Entered text on [[ChromeDriver: chrome on WINDOWS (c9423683b17620f699668d03bb40d303)] -> xpath: //input[@name='username']] text
[INFO ] 2023-02-09 17:23:54.255 [main] Log - Text in the element is [[ChromeDriver: chrome on WINDOWS (c9423683b17620f699668d03bb40d303)] -> xpath: //input[@name='password']]is cleared
[INFO ] 2023-02-09 17:23:54.303 [main] Log - Cliked on textbox [[ChromeDriver: chrome on WINDOWS (c9423683b17620f699668d03bb40d303)] -> xpath: //input[@name='password']]
[INFO ] 2023-02-09 17:23:54.360 [main] Log - Entered text on [[ChromeDriver: chrome on WINDOWS (c9423683b17620f699668d03bb40d303)] -> xpath: //input[@name='password']] text
[INFO ] 2023-02-09 17:23:54.406 [main] Log - wait for until element [[ChromeDriver: chrome on WINDOWS (c9423683b17620f699668d03bb40d303)] -> xpath: //button[normalize-space()='Sign In']]is visible
[INFO ] 2023-02-09 17:23:54.456 [main] Log - Clicked on element [[ChromeDriver: chrome on WINDOWS (c9423683b17620f699668d03bb40d303)] -> xpath: //button[normalize-space()='Sign In']]
[INFO ] 2023-02-09 17:23:59.474 [main] Log - LoginPageTest is passed
[INFO ] 2023-02-09 17:23:59.475 [main] Log - LoginPage com.blazeclan.qa.test.testng.LoginTest d193e5af-751f-4717-91e3-26532c50f8c9 []
[INFO ] 2023-02-09 17:23:59.659 [main] Log - AboutMe Test is starting. 
[INFO ] 2023-02-09 17:24:04.710 [main] Log - wait for until element [[ChromeDriver: chrome on WINDOWS (c9423683b17620f699668d03bb40d303)] -> xpath: //span[contains(text(),'My Projects')]]is visible
[INFO ] 2023-02-09 17:24:04.791 [main] Log - Clicked on element [[ChromeDriver: chrome on WINDOWS (c9423683b17620f699668d03bb40d303)] -> xpath: //span[contains(text(),'My Projects')]]
[INFO ] 2023-02-09 17:24:05.378 [main] Log - wait for until element [[ChromeDriver: chrome on WINDOWS (c9423683b17620f699668d03bb40d303)] -> xpath: //li[@class='pro-menu-item']/div/span[@class='pro-item-content']]is visible
[INFO ] 2023-02-09 17:24:05.448 [main] Log - Clicked on element [[ChromeDriver: chrome on WINDOWS (c9423683b17620f699668d03bb40d303)] -> xpath: //li[@class='pro-menu-item']/div/span[@class='pro-item-content']]
[INFO ] 2023-02-09 17:24:12.461 [main] Log - wait for until element [[ChromeDriver: chrome on WINDOWS (c9423683b17620f699668d03bb40d303)] -> xpath: //span[@class='MuiIconButton-label']]is visible
[INFO ] 2023-02-09 17:24:12.561 [main] Log - Clicked on element [[ChromeDriver: chrome on WINDOWS (c9423683b17620f699668d03bb40d303)] -> xpath: //span[@class='MuiIconButton-label']]
[INFO ] 2023-02-09 17:24:12.614 [main] Log - wait for until element [[ChromeDriver: chrome on WINDOWS (c9423683b17620f699668d03bb40d303)] -> xpath: //span[contains(text(),'About Me')]]is visible
[INFO ] 2023-02-09 17:24:12.793 [main] Log - Clicked on element [[ChromeDriver: chrome on WINDOWS (c9423683b17620f699668d03bb40d303)] -> xpath: //span[contains(text(),'About Me')]]
[ERROR] 2023-02-09 17:24:35.100 [main] Log - AboutMeTest is failed
[INFO ] 2023-02-09 17:24:35.418 [main] Log - I am on finish method testng
