[INFO ] 2023-01-19 16:59:42.980 [main] Log - chrome browser selected
[INFO ] 2023-01-19 16:59:43.222 [main] Log - Opened chrome browser
[INFO ] 2023-01-19 16:59:43.236 [main] Log - Window is maximized
[INFO ] 2023-01-19 16:59:50.839 [main] Log - Opened URL is  https://pulse-stage.projectai.com/login
[INFO ] 2023-01-19 16:59:50.879 [main] Log - LoginPage Test is starting. 
[INFO ] 2023-01-19 16:59:51.006 [main] Log - Text in the element is [[ChromeDriver: chrome on WINDOWS (7ec61b2d738cdb3d10e89f77d30e0e15)] -> xpath: //input[@name='username']]is cleared
[INFO ] 2023-01-19 16:59:51.074 [main] Log - Cliked on textbox [[ChromeDriver: chrome on WINDOWS (7ec61b2d738cdb3d10e89f77d30e0e15)] -> xpath: //input[@name='username']]
[INFO ] 2023-01-19 16:59:51.182 [main] Log - Entered text on [[ChromeDriver: chrome on WINDOWS (7ec61b2d738cdb3d10e89f77d30e0e15)] -> xpath: //input[@name='username']] text
[INFO ] 2023-01-19 16:59:51.237 [main] Log - Text in the element is [[ChromeDriver: chrome on WINDOWS (7ec61b2d738cdb3d10e89f77d30e0e15)] -> xpath: //input[@name='password']]is cleared
[INFO ] 2023-01-19 16:59:51.291 [main] Log - Cliked on textbox [[ChromeDriver: chrome on WINDOWS (7ec61b2d738cdb3d10e89f77d30e0e15)] -> xpath: //input[@name='password']]
[INFO ] 2023-01-19 16:59:51.357 [main] Log - Entered text on [[ChromeDriver: chrome on WINDOWS (7ec61b2d738cdb3d10e89f77d30e0e15)] -> xpath: //input[@name='password']] text
[INFO ] 2023-01-19 16:59:51.410 [main] Log - wait for until element [[ChromeDriver: chrome on WINDOWS (7ec61b2d738cdb3d10e89f77d30e0e15)] -> xpath: //button[normalize-space()='Sign In']]is visible
[INFO ] 2023-01-19 16:59:51.474 [main] Log - Clicked on element [[ChromeDriver: chrome on WINDOWS (7ec61b2d738cdb3d10e89f77d30e0e15)] -> xpath: //button[normalize-space()='Sign In']]
[INFO ] 2023-01-19 16:59:56.503 [main] Log - LoginPageTest is passed
[INFO ] 2023-01-19 16:59:56.504 [main] Log - LoginPage com.blazeclan.qa.test.testng.LoginTest cb8fa131-bc73-465f-b86f-cdcacdfe42db []
[INFO ] 2023-01-19 16:59:56.699 [main] Log - Logout Test is starting. 
[INFO ] 2023-01-19 16:59:56.739 [main] Log - wait for until element [[ChromeDriver: chrome on WINDOWS (7ec61b2d738cdb3d10e89f77d30e0e15)] -> xpath: //span[@class='_3JU2f9K7FBTWn0MXSKilJa']]is visible
[INFO ] 2023-01-19 16:59:56.800 [main] Log - Clicked on element [[ChromeDriver: chrome on WINDOWS (7ec61b2d738cdb3d10e89f77d30e0e15)] -> xpath: //span[@class='_3JU2f9K7FBTWn0MXSKilJa']]
[INFO ] 2023-01-19 16:59:59.875 [main] Log - wait for until element [[ChromeDriver: chrome on WINDOWS (7ec61b2d738cdb3d10e89f77d30e0e15)] -> xpath: //a[normalize-space()='Log Out']]is visible
[INFO ] 2023-01-19 17:00:02.852 [main] Log - Clicked on element Proxy element for: DefaultElementLocator 'By.xpath: //a[normalize-space()='Log Out']'
[INFO ] 2023-01-19 17:00:02.853 [main] Log - LogoutTest is passed
[INFO ] 2023-01-19 17:00:02.854 [main] Log - Logout com.blazeclan.qa.test.testng.LogoutTest 6d98812e-9a43-455a-a033-62c5dd222426 []
[INFO ] 2023-01-19 17:00:03.115 [main] Log - I am on finish method testng
